<?xml version="1.0" encoding="UTF-8"?>
<testng-results ignored="0" total="1" passed="1" failed="0" skipped="0">
  <reporter-output>
  </reporter-output>
  <suite started-at="2025-07-08T14:22:58 CDT" name="ZipRecruiter Suite" finished-at="2025-07-08T14:23:07 CDT" duration-ms="8955">
    <groups>
    </groups>
    <test started-at="2025-07-08T14:22:58 CDT" name="Home Page Tests" finished-at="2025-07-08T14:23:07 CDT" duration-ms="8955">
      <class name="com.ziprecruiter.tests.HomePageTest">
        <test-method is-config="true" signature="setUp()[pri:0, instance:com.ziprecruiter.tests.HomePageTest@12468a38]" started-at="2025-07-08T14:22:58 CDT" name="setUp" finished-at="2025-07-08T14:23:04 CDT" duration-ms="5660" status="PASS">
          <reporter-output>
          </reporter-output>
        </test-method> <!-- setUp -->
        <test-method signature="testHomePageLoads()[pri:0, instance:com.ziprecruiter.tests.HomePageTest@12468a38]" started-at="2025-07-08T14:23:04 CDT" name="testHomePageLoads" finished-at="2025-07-08T14:23:07 CDT" duration-ms="2767" status="PASS">
          <reporter-output>
          </reporter-output>
        </test-method> <!-- testHomePageLoads -->
        <test-method is-config="true" signature="tearDown()[pri:0, instance:com.ziprecruiter.tests.HomePageTest@12468a38]" started-at="2025-07-08T14:23:07 CDT" name="tearDown" finished-at="2025-07-08T14:23:07 CDT" duration-ms="432" status="PASS">
          <reporter-output>
          </reporter-output>
        </test-method> <!-- tearDown -->
      </class> <!-- com.ziprecruiter.tests.HomePageTest -->
    </test> <!-- Home Page Tests -->
  </suite> <!-- ZipRecruiter Suite -->
</testng-results>
