<?xml version="1.0" encoding="UTF-8"?>
<testng-results ignored="0" total="164" passed="31" failed="87" skipped="46">
  <reporter-output>
  </reporter-output>
  <suite started-at="2025-07-10T11:36:13 CDT" name="ZipRecruiter Test Suite" finished-at="2025-07-10T11:45:57 CDT" duration-ms="584008">
    <groups>
      <group name="saved-jobs">
        <method signature="TestSuite.savedJobsFunctionalityTest()[pri:8, instance:com.ziprecruiter.tests.TestSuite@2ca26d77]" name="savedJobsFunctionalityTest" class="com.ziprecruiter.tests.TestSuite"/>
      </group> <!-- saved-jobs -->
      <group name="quick">
        <method signature="TestRunner.quickSmokeTest()[pri:0, instance:com.ziprecruiter.tests.TestRunner@36804139]" name="quickSmokeTest" class="com.ziprecruiter.tests.TestRunner"/>
        <method signature="TestRunner.quickSmokeTest()[pri:0, instance:com.ziprecruiter.tests.TestRunner@1169afe1]" name="quickSmokeTest" class="com.ziprecruiter.tests.TestRunner"/>
      </group> <!-- quick -->
      <group name="data">
        <method signature="TestConfiguration.testDataConfiguration()[pri:0, instance:com.ziprecruiter.tests.TestConfiguration@15d49048]" name="testDataConfiguration" class="com.ziprecruiter.tests.TestConfiguration"/>
        <method signature="TestExecutionSummary.testDataSummary()[pri:0, instance:com.ziprecruiter.tests.TestExecutionSummary@17503f6b]" name="testDataSummary" class="com.ziprecruiter.tests.TestExecutionSummary"/>
        <method signature="TestConfiguration.testDataConfiguration()[pri:0, instance:com.ziprecruiter.tests.TestConfiguration@6c7a164b]" name="testDataConfiguration" class="com.ziprecruiter.tests.TestConfiguration"/>
        <method signature="TestExecutionSummary.testDataSummary()[pri:0, instance:com.ziprecruiter.tests.TestExecutionSummary@747f281]" name="testDataSummary" class="com.ziprecruiter.tests.TestExecutionSummary"/>
        <method signature="TestRunner.dataDrivenTest()[pri:0, instance:com.ziprecruiter.tests.TestRunner@1169afe1]" name="dataDrivenTest" class="com.ziprecruiter.tests.TestRunner"/>
      </group> <!-- data -->
      <group name="accessibility">
        <method signature="TestRunner.accessibilityComplianceTest()[pri:0, instance:com.ziprecruiter.tests.TestRunner@45efd90f]" name="accessibilityComplianceTest" class="com.ziprecruiter.tests.TestRunner"/>
        <method signature="TestRunner.accessibilityComplianceTest()[pri:0, instance:com.ziprecruiter.tests.TestRunner@1169afe1]" name="accessibilityComplianceTest" class="com.ziprecruiter.tests.TestRunner"/>
        <method signature="TestSuite.accessibilityFunctionalityTest()[pri:12, instance:com.ziprecruiter.tests.TestSuite@2ca26d77]" name="accessibilityFunctionalityTest" class="com.ziprecruiter.tests.TestSuite"/>
      </group> <!-- accessibility -->
      <group name="utilities">
        <method signature="TestConfiguration.testUtilityConfiguration()[pri:0, instance:com.ziprecruiter.tests.TestConfiguration@15d49048]" name="testUtilityConfiguration" class="com.ziprecruiter.tests.TestConfiguration"/>
        <method signature="TestConfiguration.testUtilityConfiguration()[pri:0, instance:com.ziprecruiter.tests.TestConfiguration@6c7a164b]" name="testUtilityConfiguration" class="com.ziprecruiter.tests.TestConfiguration"/>
      </group> <!-- utilities -->
      <group name="allure">
        <method signature="TestConfiguration.testAllureConfiguration()[pri:0, instance:com.ziprecruiter.tests.TestConfiguration@15d49048]" name="testAllureConfiguration" class="com.ziprecruiter.tests.TestConfiguration"/>
        <method signature="TestConfiguration.testAllureConfiguration()[pri:0, instance:com.ziprecruiter.tests.TestConfiguration@6c7a164b]" name="testAllureConfiguration" class="com.ziprecruiter.tests.TestConfiguration"/>
      </group> <!-- allure -->
      <group name="edge">
        <method signature="TestRunner.negativeEdgeCaseTest()[pri:0, instance:com.ziprecruiter.tests.TestRunner@1169afe1]" name="negativeEdgeCaseTest" class="com.ziprecruiter.tests.TestRunner"/>
      </group> <!-- edge -->
      <group name="api">
        <method signature="TestRunner.apiIntegrationTest()[pri:0, instance:com.ziprecruiter.tests.TestRunner@5167f57d]" name="apiIntegrationTest" class="com.ziprecruiter.tests.TestRunner"/>
        <method signature="TestRunner.apiIntegrationTest()[pri:0, instance:com.ziprecruiter.tests.TestRunner@1169afe1]" name="apiIntegrationTest" class="com.ziprecruiter.tests.TestRunner"/>
        <method signature="TestSuite.apiIntegrationTest()[pri:20, instance:com.ziprecruiter.tests.TestSuite@2ca26d77]" name="apiIntegrationTest" class="com.ziprecruiter.tests.TestSuite"/>
      </group> <!-- api -->
      <group name="validation">
        <method signature="TestConfiguration.testConfigurationValidation()[pri:0, instance:com.ziprecruiter.tests.TestConfiguration@15d49048]" name="testConfigurationValidation" class="com.ziprecruiter.tests.TestConfiguration"/>
        <method signature="TestConfiguration.testConfigurationValidation()[pri:0, instance:com.ziprecruiter.tests.TestConfiguration@6c7a164b]" name="testConfigurationValidation" class="com.ziprecruiter.tests.TestConfiguration"/>
      </group> <!-- validation -->
      <group name="browser-compatibility">
        <method signature="TestSuite.browserCompatibilityTest()[pri:15, instance:com.ziprecruiter.tests.TestSuite@2ca26d77]" name="browserCompatibilityTest" class="com.ziprecruiter.tests.TestSuite"/>
      </group> <!-- browser-compatibility -->
      <group name="workflow">
        <method signature="TestRunner.integrationWorkflowTest()[pri:0, instance:com.ziprecruiter.tests.TestRunner@1169afe1]" name="integrationWorkflowTest" class="com.ziprecruiter.tests.TestRunner"/>
      </group> <!-- workflow -->
      <group name="timing">
        <method signature="TestExecutionSummary.testTimingAnalysis()[pri:0, instance:com.ziprecruiter.tests.TestExecutionSummary@17503f6b]" name="testTimingAnalysis" class="com.ziprecruiter.tests.TestExecutionSummary"/>
        <method signature="TestExecutionSummary.testTimingAnalysis()[pri:0, instance:com.ziprecruiter.tests.TestExecutionSummary@747f281]" name="testTimingAnalysis" class="com.ziprecruiter.tests.TestExecutionSummary"/>
      </group> <!-- timing -->
      <group name="profile">
        <method signature="TestSuite.profileFunctionalityTest()[pri:5, instance:com.ziprecruiter.tests.TestSuite@2ca26d77]" name="profileFunctionalityTest" class="com.ziprecruiter.tests.TestSuite"/>
      </group> <!-- profile -->
      <group name="monitoring">
        <method signature="TestRunner.healthMonitoringTest()[pri:0, instance:com.ziprecruiter.tests.TestRunner@1169afe1]" name="healthMonitoringTest" class="com.ziprecruiter.tests.TestRunner"/>
      </group> <!-- monitoring -->
      <group name="data-driven">
        <method signature="TestSuite.dataDrivenTest()[pri:17, instance:com.ziprecruiter.tests.TestSuite@2ca26d77]" name="dataDrivenTest" class="com.ziprecruiter.tests.TestSuite"/>
      </group> <!-- data-driven -->
      <group name="cleanup">
        <method signature="TestConfiguration.testCleanupConfiguration()[pri:0, instance:com.ziprecruiter.tests.TestConfiguration@15d49048]" name="testCleanupConfiguration" class="com.ziprecruiter.tests.TestConfiguration"/>
        <method signature="TestConfiguration.testCleanupConfiguration()[pri:0, instance:com.ziprecruiter.tests.TestConfiguration@6c7a164b]" name="testCleanupConfiguration" class="com.ziprecruiter.tests.TestConfiguration"/>
      </group> <!-- cleanup -->
      <group name="driven">
        <method signature="TestRunner.dataDrivenTest()[pri:0, instance:com.ziprecruiter.tests.TestRunner@1169afe1]" name="dataDrivenTest" class="com.ziprecruiter.tests.TestRunner"/>
      </group> <!-- driven -->
      <group name="integration">
        <method signature="TestRunner.apiIntegrationTest()[pri:0, instance:com.ziprecruiter.tests.TestRunner@5167f57d]" name="apiIntegrationTest" class="com.ziprecruiter.tests.TestRunner"/>
        <method signature="TestRunner.apiIntegrationTest()[pri:0, instance:com.ziprecruiter.tests.TestRunner@1169afe1]" name="apiIntegrationTest" class="com.ziprecruiter.tests.TestRunner"/>
        <method signature="TestRunner.integrationWorkflowTest()[pri:0, instance:com.ziprecruiter.tests.TestRunner@1169afe1]" name="integrationWorkflowTest" class="com.ziprecruiter.tests.TestRunner"/>
        <method signature="TestSuite.integrationTest()[pri:19, instance:com.ziprecruiter.tests.TestSuite@2ca26d77]" name="integrationTest" class="com.ziprecruiter.tests.TestSuite"/>
      </group> <!-- integration -->
      <group name="final">
        <method signature="TestExecutionSummary.testFinalExecutionSummary()[pri:0, instance:com.ziprecruiter.tests.TestExecutionSummary@17503f6b]" name="testFinalExecutionSummary" class="com.ziprecruiter.tests.TestExecutionSummary"/>
        <method signature="TestExecutionSummary.testFinalExecutionSummary()[pri:0, instance:com.ziprecruiter.tests.TestExecutionSummary@747f281]" name="testFinalExecutionSummary" class="com.ziprecruiter.tests.TestExecutionSummary"/>
      </group> <!-- final -->
      <group name="registration">
        <method signature="TestSuite.registrationFunctionalityTest()[pri:4, instance:com.ziprecruiter.tests.TestSuite@2ca26d77]" name="registrationFunctionalityTest" class="com.ziprecruiter.tests.TestSuite"/>
      </group> <!-- registration -->
      <group name="compatibility">
        <method signature="TestRunner.browserCompatibilityTest()[pri:0, instance:com.ziprecruiter.tests.TestRunner@1169afe1]" name="browserCompatibilityTest" class="com.ziprecruiter.tests.TestRunner"/>
      </group> <!-- compatibility -->
      <group name="notifications">
        <method signature="TestSuite.notificationsFunctionalityTest()[pri:9, instance:com.ziprecruiter.tests.TestSuite@2ca26d77]" name="notificationsFunctionalityTest" class="com.ziprecruiter.tests.TestSuite"/>
      </group> <!-- notifications -->
      <group name="errors">
        <method signature="TestExecutionSummary.testErrorTracking()[pri:0, instance:com.ziprecruiter.tests.TestExecutionSummary@17503f6b]" name="testErrorTracking" class="com.ziprecruiter.tests.TestExecutionSummary"/>
        <method signature="TestExecutionSummary.testErrorTracking()[pri:0, instance:com.ziprecruiter.tests.TestExecutionSummary@747f281]" name="testErrorTracking" class="com.ziprecruiter.tests.TestExecutionSummary"/>
      </group> <!-- errors -->
      <group name="full">
        <method signature="TestRunner.fullRegressionTest()[pri:0, instance:com.ziprecruiter.tests.TestRunner@24959ca4]" name="fullRegressionTest" class="com.ziprecruiter.tests.TestRunner"/>
        <method signature="TestRunner.fullRegressionTest()[pri:0, instance:com.ziprecruiter.tests.TestRunner@1169afe1]" name="fullRegressionTest" class="com.ziprecruiter.tests.TestRunner"/>
      </group> <!-- full -->
      <group name="pagination">
        <method signature="TestSuite.paginationFunctionalityTest()[pri:11, instance:com.ziprecruiter.tests.TestSuite@2ca26d77]" name="paginationFunctionalityTest" class="com.ziprecruiter.tests.TestSuite"/>
      </group> <!-- pagination -->
      <group name="page-objects">
        <method signature="TestConfiguration.testPageObjectConfiguration()[pri:0, instance:com.ziprecruiter.tests.TestConfiguration@15d49048]" name="testPageObjectConfiguration" class="com.ziprecruiter.tests.TestConfiguration"/>
        <method signature="TestConfiguration.testPageObjectConfiguration()[pri:0, instance:com.ziprecruiter.tests.TestConfiguration@6c7a164b]" name="testPageObjectConfiguration" class="com.ziprecruiter.tests.TestConfiguration"/>
      </group> <!-- page-objects -->
      <group name="critical">
        <method signature="TestSuite.smokeTest()[pri:1, instance:com.ziprecruiter.tests.TestSuite@28dcca0c]" name="smokeTest" class="com.ziprecruiter.tests.TestSuite"/>
        <method signature="TestRunner.criticalProductionTest()[pri:0, instance:com.ziprecruiter.tests.TestRunner@4ee203eb]" name="criticalProductionTest" class="com.ziprecruiter.tests.TestRunner"/>
        <method signature="TestRunner.criticalProductionTest()[pri:0, instance:com.ziprecruiter.tests.TestRunner@1169afe1]" name="criticalProductionTest" class="com.ziprecruiter.tests.TestRunner"/>
        <method signature="TestSuite.smokeTest()[pri:1, instance:com.ziprecruiter.tests.TestSuite@2ca26d77]" name="smokeTest" class="com.ziprecruiter.tests.TestSuite"/>
      </group> <!-- critical -->
      <group name="production">
        <method signature="TestRunner.criticalProductionTest()[pri:0, instance:com.ziprecruiter.tests.TestRunner@4ee203eb]" name="criticalProductionTest" class="com.ziprecruiter.tests.TestRunner"/>
        <method signature="TestRunner.criticalProductionTest()[pri:0, instance:com.ziprecruiter.tests.TestRunner@1169afe1]" name="criticalProductionTest" class="com.ziprecruiter.tests.TestRunner"/>
      </group> <!-- production -->
      <group name="configuration">
        <method signature="TestConfiguration.testAllureConfiguration()[pri:0, instance:com.ziprecruiter.tests.TestConfiguration@15d49048]" name="testAllureConfiguration" class="com.ziprecruiter.tests.TestConfiguration"/>
        <method signature="TestConfiguration.testBrowserConfiguration()[pri:0, instance:com.ziprecruiter.tests.TestConfiguration@15d49048]" name="testBrowserConfiguration" class="com.ziprecruiter.tests.TestConfiguration"/>
        <method signature="TestConfiguration.testCleanupConfiguration()[pri:0, instance:com.ziprecruiter.tests.TestConfiguration@15d49048]" name="testCleanupConfiguration" class="com.ziprecruiter.tests.TestConfiguration"/>
        <method signature="TestConfiguration.testConfigurationValidation()[pri:0, instance:com.ziprecruiter.tests.TestConfiguration@15d49048]" name="testConfigurationValidation" class="com.ziprecruiter.tests.TestConfiguration"/>
        <method signature="TestConfiguration.testDataConfiguration()[pri:0, instance:com.ziprecruiter.tests.TestConfiguration@15d49048]" name="testDataConfiguration" class="com.ziprecruiter.tests.TestConfiguration"/>
        <method signature="TestConfiguration.testEnvironmentConfiguration()[pri:0, instance:com.ziprecruiter.tests.TestConfiguration@15d49048]" name="testEnvironmentConfiguration" class="com.ziprecruiter.tests.TestConfiguration"/>
        <method signature="TestConfiguration.testPageObjectConfiguration()[pri:0, instance:com.ziprecruiter.tests.TestConfiguration@15d49048]" name="testPageObjectConfiguration" class="com.ziprecruiter.tests.TestConfiguration"/>
        <method signature="TestConfiguration.testParallelConfiguration()[pri:0, instance:com.ziprecruiter.tests.TestConfiguration@15d49048]" name="testParallelConfiguration" class="com.ziprecruiter.tests.TestConfiguration"/>
        <method signature="TestConfiguration.testPropertiesConfiguration()[pri:0, instance:com.ziprecruiter.tests.TestConfiguration@15d49048]" name="testPropertiesConfiguration" class="com.ziprecruiter.tests.TestConfiguration"/>
        <method signature="TestConfiguration.testTimeoutConfiguration()[pri:0, instance:com.ziprecruiter.tests.TestConfiguration@15d49048]" name="testTimeoutConfiguration" class="com.ziprecruiter.tests.TestConfiguration"/>
        <method signature="TestConfiguration.testUtilityConfiguration()[pri:0, instance:com.ziprecruiter.tests.TestConfiguration@15d49048]" name="testUtilityConfiguration" class="com.ziprecruiter.tests.TestConfiguration"/>
        <method signature="TestConfiguration.testAllureConfiguration()[pri:0, instance:com.ziprecruiter.tests.TestConfiguration@6c7a164b]" name="testAllureConfiguration" class="com.ziprecruiter.tests.TestConfiguration"/>
        <method signature="TestConfiguration.testBrowserConfiguration()[pri:0, instance:com.ziprecruiter.tests.TestConfiguration@6c7a164b]" name="testBrowserConfiguration" class="com.ziprecruiter.tests.TestConfiguration"/>
        <method signature="TestConfiguration.testCleanupConfiguration()[pri:0, instance:com.ziprecruiter.tests.TestConfiguration@6c7a164b]" name="testCleanupConfiguration" class="com.ziprecruiter.tests.TestConfiguration"/>
        <method signature="TestConfiguration.testConfigurationValidation()[pri:0, instance:com.ziprecruiter.tests.TestConfiguration@6c7a164b]" name="testConfigurationValidation" class="com.ziprecruiter.tests.TestConfiguration"/>
        <method signature="TestConfiguration.testDataConfiguration()[pri:0, instance:com.ziprecruiter.tests.TestConfiguration@6c7a164b]" name="testDataConfiguration" class="com.ziprecruiter.tests.TestConfiguration"/>
        <method signature="TestConfiguration.testEnvironmentConfiguration()[pri:0, instance:com.ziprecruiter.tests.TestConfiguration@6c7a164b]" name="testEnvironmentConfiguration" class="com.ziprecruiter.tests.TestConfiguration"/>
        <method signature="TestConfiguration.testPageObjectConfiguration()[pri:0, instance:com.ziprecruiter.tests.TestConfiguration@6c7a164b]" name="testPageObjectConfiguration" class="com.ziprecruiter.tests.TestConfiguration"/>
        <method signature="TestConfiguration.testParallelConfiguration()[pri:0, instance:com.ziprecruiter.tests.TestConfiguration@6c7a164b]" name="testParallelConfiguration" class="com.ziprecruiter.tests.TestConfiguration"/>
        <method signature="TestConfiguration.testPropertiesConfiguration()[pri:0, instance:com.ziprecruiter.tests.TestConfiguration@6c7a164b]" name="testPropertiesConfiguration" class="com.ziprecruiter.tests.TestConfiguration"/>
        <method signature="TestConfiguration.testTimeoutConfiguration()[pri:0, instance:com.ziprecruiter.tests.TestConfiguration@6c7a164b]" name="testTimeoutConfiguration" class="com.ziprecruiter.tests.TestConfiguration"/>
        <method signature="TestConfiguration.testUtilityConfiguration()[pri:0, instance:com.ziprecruiter.tests.TestConfiguration@6c7a164b]" name="testUtilityConfiguration" class="com.ziprecruiter.tests.TestConfiguration"/>
      </group> <!-- configuration -->
      <group name="login">
        <method signature="TestSuite.loginFunctionalityTest()[pri:3, instance:com.ziprecruiter.tests.TestSuite@2ca26d77]" name="loginFunctionalityTest" class="com.ziprecruiter.tests.TestSuite"/>
      </group> <!-- login -->
      <group name="timeout">
        <method signature="TestConfiguration.testTimeoutConfiguration()[pri:0, instance:com.ziprecruiter.tests.TestConfiguration@15d49048]" name="testTimeoutConfiguration" class="com.ziprecruiter.tests.TestConfiguration"/>
        <method signature="TestConfiguration.testTimeoutConfiguration()[pri:0, instance:com.ziprecruiter.tests.TestConfiguration@6c7a164b]" name="testTimeoutConfiguration" class="com.ziprecruiter.tests.TestConfiguration"/>
      </group> <!-- timeout -->
      <group name="search">
        <method signature="TestSuite.searchFunctionalityTest()[pri:2, instance:com.ziprecruiter.tests.TestSuite@2ca26d77]" name="searchFunctionalityTest" class="com.ziprecruiter.tests.TestSuite"/>
      </group> <!-- search -->
      <group name="negative">
        <method signature="TestRunner.negativeEdgeCaseTest()[pri:0, instance:com.ziprecruiter.tests.TestRunner@1169afe1]" name="negativeEdgeCaseTest" class="com.ziprecruiter.tests.TestRunner"/>
        <method signature="TestSuite.negativeTestScenarios()[pri:18, instance:com.ziprecruiter.tests.TestSuite@2ca26d77]" name="negativeTestScenarios" class="com.ziprecruiter.tests.TestSuite"/>
      </group> <!-- negative -->
      <group name="security">
        <method signature="TestRunner.securityPenetrationTest()[pri:0, instance:com.ziprecruiter.tests.TestRunner@6e2aa843]" name="securityPenetrationTest" class="com.ziprecruiter.tests.TestRunner"/>
        <method signature="TestRunner.securityPenetrationTest()[pri:0, instance:com.ziprecruiter.tests.TestRunner@32115b28]" name="securityPenetrationTest" class="com.ziprecruiter.tests.TestRunner"/>
        <method signature="TestRunner.securityPenetrationTest()[pri:0, instance:com.ziprecruiter.tests.TestRunner@1169afe1]" name="securityPenetrationTest" class="com.ziprecruiter.tests.TestRunner"/>
        <method signature="TestSuite.securityTest()[pri:14, instance:com.ziprecruiter.tests.TestSuite@2ca26d77]" name="securityTest" class="com.ziprecruiter.tests.TestSuite"/>
      </group> <!-- security -->
      <group name="load">
        <method signature="TestRunner.performanceLoadTest()[pri:0, instance:com.ziprecruiter.tests.TestRunner@1169afe1]" name="performanceLoadTest" class="com.ziprecruiter.tests.TestRunner"/>
        <method signature="TestRunner.stressLoadTest()[pri:0, instance:com.ziprecruiter.tests.TestRunner@1169afe1]" name="stressLoadTest" class="com.ziprecruiter.tests.TestRunner"/>
      </group> <!-- load -->
      <group name="parallel">
        <method signature="TestConfiguration.testParallelConfiguration()[pri:0, instance:com.ziprecruiter.tests.TestConfiguration@15d49048]" name="testParallelConfiguration" class="com.ziprecruiter.tests.TestConfiguration"/>
        <method signature="TestConfiguration.testParallelConfiguration()[pri:0, instance:com.ziprecruiter.tests.TestConfiguration@6c7a164b]" name="testParallelConfiguration" class="com.ziprecruiter.tests.TestConfiguration"/>
      </group> <!-- parallel -->
      <group name="browser">
        <method signature="TestConfiguration.testBrowserConfiguration()[pri:0, instance:com.ziprecruiter.tests.TestConfiguration@15d49048]" name="testBrowserConfiguration" class="com.ziprecruiter.tests.TestConfiguration"/>
        <method signature="TestExecutionSummary.testBrowserCompatibilitySummary()[pri:0, instance:com.ziprecruiter.tests.TestExecutionSummary@17503f6b]" name="testBrowserCompatibilitySummary" class="com.ziprecruiter.tests.TestExecutionSummary"/>
        <method signature="TestConfiguration.testBrowserConfiguration()[pri:0, instance:com.ziprecruiter.tests.TestConfiguration@6c7a164b]" name="testBrowserConfiguration" class="com.ziprecruiter.tests.TestConfiguration"/>
        <method signature="TestExecutionSummary.testBrowserCompatibilitySummary()[pri:0, instance:com.ziprecruiter.tests.TestExecutionSummary@747f281]" name="testBrowserCompatibilitySummary" class="com.ziprecruiter.tests.TestExecutionSummary"/>
        <method signature="TestRunner.browserCompatibilityTest()[pri:0, instance:com.ziprecruiter.tests.TestRunner@1169afe1]" name="browserCompatibilityTest" class="com.ziprecruiter.tests.TestRunner"/>
      </group> <!-- browser -->
      <group name="coverage">
        <method signature="TestExecutionSummary.testCoverageAnalysis()[pri:0, instance:com.ziprecruiter.tests.TestExecutionSummary@17503f6b]" name="testCoverageAnalysis" class="com.ziprecruiter.tests.TestExecutionSummary"/>
        <method signature="TestExecutionSummary.testCoverageAnalysis()[pri:0, instance:com.ziprecruiter.tests.TestExecutionSummary@747f281]" name="testCoverageAnalysis" class="com.ziprecruiter.tests.TestExecutionSummary"/>
      </group> <!-- coverage -->
      <group name="summary">
        <method signature="TestExecutionSummary.testPerformanceMetrics()[pri:0, instance:com.ziprecruiter.tests.TestExecutionSummary@37313c65]" name="testPerformanceMetrics" class="com.ziprecruiter.tests.TestExecutionSummary"/>
        <method signature="TestExecutionSummary.testBrowserCompatibilitySummary()[pri:0, instance:com.ziprecruiter.tests.TestExecutionSummary@17503f6b]" name="testBrowserCompatibilitySummary" class="com.ziprecruiter.tests.TestExecutionSummary"/>
        <method signature="TestExecutionSummary.testCoverageAnalysis()[pri:0, instance:com.ziprecruiter.tests.TestExecutionSummary@17503f6b]" name="testCoverageAnalysis" class="com.ziprecruiter.tests.TestExecutionSummary"/>
        <method signature="TestExecutionSummary.testDataSummary()[pri:0, instance:com.ziprecruiter.tests.TestExecutionSummary@17503f6b]" name="testDataSummary" class="com.ziprecruiter.tests.TestExecutionSummary"/>
        <method signature="TestExecutionSummary.testErrorTracking()[pri:0, instance:com.ziprecruiter.tests.TestExecutionSummary@17503f6b]" name="testErrorTracking" class="com.ziprecruiter.tests.TestExecutionSummary"/>
        <method signature="TestExecutionSummary.testExecutionStatistics()[pri:0, instance:com.ziprecruiter.tests.TestExecutionSummary@17503f6b]" name="testExecutionStatistics" class="com.ziprecruiter.tests.TestExecutionSummary"/>
        <method signature="TestExecutionSummary.testFinalExecutionSummary()[pri:0, instance:com.ziprecruiter.tests.TestExecutionSummary@17503f6b]" name="testFinalExecutionSummary" class="com.ziprecruiter.tests.TestExecutionSummary"/>
        <method signature="TestExecutionSummary.testPerformanceMetrics()[pri:0, instance:com.ziprecruiter.tests.TestExecutionSummary@17503f6b]" name="testPerformanceMetrics" class="com.ziprecruiter.tests.TestExecutionSummary"/>
        <method signature="TestExecutionSummary.testTimingAnalysis()[pri:0, instance:com.ziprecruiter.tests.TestExecutionSummary@17503f6b]" name="testTimingAnalysis" class="com.ziprecruiter.tests.TestExecutionSummary"/>
        <method signature="TestExecutionSummary.testBrowserCompatibilitySummary()[pri:0, instance:com.ziprecruiter.tests.TestExecutionSummary@747f281]" name="testBrowserCompatibilitySummary" class="com.ziprecruiter.tests.TestExecutionSummary"/>
        <method signature="TestExecutionSummary.testCoverageAnalysis()[pri:0, instance:com.ziprecruiter.tests.TestExecutionSummary@747f281]" name="testCoverageAnalysis" class="com.ziprecruiter.tests.TestExecutionSummary"/>
        <method signature="TestExecutionSummary.testDataSummary()[pri:0, instance:com.ziprecruiter.tests.TestExecutionSummary@747f281]" name="testDataSummary" class="com.ziprecruiter.tests.TestExecutionSummary"/>
        <method signature="TestExecutionSummary.testErrorTracking()[pri:0, instance:com.ziprecruiter.tests.TestExecutionSummary@747f281]" name="testErrorTracking" class="com.ziprecruiter.tests.TestExecutionSummary"/>
        <method signature="TestExecutionSummary.testExecutionStatistics()[pri:0, instance:com.ziprecruiter.tests.TestExecutionSummary@747f281]" name="testExecutionStatistics" class="com.ziprecruiter.tests.TestExecutionSummary"/>
        <method signature="TestExecutionSummary.testFinalExecutionSummary()[pri:0, instance:com.ziprecruiter.tests.TestExecutionSummary@747f281]" name="testFinalExecutionSummary" class="com.ziprecruiter.tests.TestExecutionSummary"/>
        <method signature="TestExecutionSummary.testPerformanceMetrics()[pri:0, instance:com.ziprecruiter.tests.TestExecutionSummary@747f281]" name="testPerformanceMetrics" class="com.ziprecruiter.tests.TestExecutionSummary"/>
        <method signature="TestExecutionSummary.testTimingAnalysis()[pri:0, instance:com.ziprecruiter.tests.TestExecutionSummary@747f281]" name="testTimingAnalysis" class="com.ziprecruiter.tests.TestExecutionSummary"/>
      </group> <!-- summary -->
      <group name="stress">
        <method signature="TestRunner.stressLoadTest()[pri:0, instance:com.ziprecruiter.tests.TestRunner@1169afe1]" name="stressLoadTest" class="com.ziprecruiter.tests.TestRunner"/>
      </group> <!-- stress -->
      <group name="penetration">
        <method signature="TestRunner.securityPenetrationTest()[pri:0, instance:com.ziprecruiter.tests.TestRunner@6e2aa843]" name="securityPenetrationTest" class="com.ziprecruiter.tests.TestRunner"/>
        <method signature="TestRunner.securityPenetrationTest()[pri:0, instance:com.ziprecruiter.tests.TestRunner@32115b28]" name="securityPenetrationTest" class="com.ziprecruiter.tests.TestRunner"/>
        <method signature="TestRunner.securityPenetrationTest()[pri:0, instance:com.ziprecruiter.tests.TestRunner@1169afe1]" name="securityPenetrationTest" class="com.ziprecruiter.tests.TestRunner"/>
      </group> <!-- penetration -->
      <group name="jobs">
        <method signature="TestSuite.jobDetailsFunctionalityTest()[pri:6, instance:com.ziprecruiter.tests.TestSuite@2ca26d77]" name="jobDetailsFunctionalityTest" class="com.ziprecruiter.tests.TestSuite"/>
      </group> <!-- jobs -->
      <group name="mobile">
        <method signature="TestRunner.mobileResponsivenessTest()[pri:0, instance:com.ziprecruiter.tests.TestRunner@7975d1d8]" name="mobileResponsivenessTest" class="com.ziprecruiter.tests.TestRunner"/>
        <method signature="TestRunner.mobileResponsivenessTest()[pri:0, instance:com.ziprecruiter.tests.TestRunner@3214ee6]" name="mobileResponsivenessTest" class="com.ziprecruiter.tests.TestRunner"/>
        <method signature="TestRunner.mobileResponsivenessTest()[pri:0, instance:com.ziprecruiter.tests.TestRunner@1169afe1]" name="mobileResponsivenessTest" class="com.ziprecruiter.tests.TestRunner"/>
        <method signature="TestSuite.mobileResponsivenessTest()[pri:16, instance:com.ziprecruiter.tests.TestSuite@2ca26d77]" name="mobileResponsivenessTest" class="com.ziprecruiter.tests.TestSuite"/>
      </group> <!-- mobile -->
      <group name="smoke">
        <method signature="TestSuite.smokeTest()[pri:1, instance:com.ziprecruiter.tests.TestSuite@28dcca0c]" name="smokeTest" class="com.ziprecruiter.tests.TestSuite"/>
        <method signature="TestRunner.quickSmokeTest()[pri:0, instance:com.ziprecruiter.tests.TestRunner@36804139]" name="quickSmokeTest" class="com.ziprecruiter.tests.TestRunner"/>
        <method signature="TestRunner.quickSmokeTest()[pri:0, instance:com.ziprecruiter.tests.TestRunner@1169afe1]" name="quickSmokeTest" class="com.ziprecruiter.tests.TestRunner"/>
        <method signature="TestSuite.smokeTest()[pri:1, instance:com.ziprecruiter.tests.TestSuite@2ca26d77]" name="smokeTest" class="com.ziprecruiter.tests.TestSuite"/>
      </group> <!-- smoke -->
      <group name="health">
        <method signature="TestRunner.healthMonitoringTest()[pri:0, instance:com.ziprecruiter.tests.TestRunner@1169afe1]" name="healthMonitoringTest" class="com.ziprecruiter.tests.TestRunner"/>
      </group> <!-- health -->
      <group name="filters">
        <method signature="TestSuite.filtersFunctionalityTest()[pri:10, instance:com.ziprecruiter.tests.TestSuite@2ca26d77]" name="filtersFunctionalityTest" class="com.ziprecruiter.tests.TestSuite"/>
      </group> <!-- filters -->
      <group name="performance">
        <method signature="TestExecutionSummary.testPerformanceMetrics()[pri:0, instance:com.ziprecruiter.tests.TestExecutionSummary@37313c65]" name="testPerformanceMetrics" class="com.ziprecruiter.tests.TestExecutionSummary"/>
        <method signature="TestExecutionSummary.testPerformanceMetrics()[pri:0, instance:com.ziprecruiter.tests.TestExecutionSummary@17503f6b]" name="testPerformanceMetrics" class="com.ziprecruiter.tests.TestExecutionSummary"/>
        <method signature="TestExecutionSummary.testPerformanceMetrics()[pri:0, instance:com.ziprecruiter.tests.TestExecutionSummary@747f281]" name="testPerformanceMetrics" class="com.ziprecruiter.tests.TestExecutionSummary"/>
        <method signature="TestRunner.performanceLoadTest()[pri:0, instance:com.ziprecruiter.tests.TestRunner@1169afe1]" name="performanceLoadTest" class="com.ziprecruiter.tests.TestRunner"/>
        <method signature="TestSuite.performanceTest()[pri:13, instance:com.ziprecruiter.tests.TestSuite@2ca26d77]" name="performanceTest" class="com.ziprecruiter.tests.TestSuite"/>
      </group> <!-- performance -->
      <group name="application">
        <method signature="TestSuite.applicationFlowFunctionalityTest()[pri:7, instance:com.ziprecruiter.tests.TestSuite@2ca26d77]" name="applicationFlowFunctionalityTest" class="com.ziprecruiter.tests.TestSuite"/>
      </group> <!-- application -->
      <group name="compliance">
        <method signature="TestRunner.accessibilityComplianceTest()[pri:0, instance:com.ziprecruiter.tests.TestRunner@45efd90f]" name="accessibilityComplianceTest" class="com.ziprecruiter.tests.TestRunner"/>
        <method signature="TestRunner.accessibilityComplianceTest()[pri:0, instance:com.ziprecruiter.tests.TestRunner@1169afe1]" name="accessibilityComplianceTest" class="com.ziprecruiter.tests.TestRunner"/>
      </group> <!-- compliance -->
      <group name="regression">
        <method signature="TestRunner.fullRegressionTest()[pri:0, instance:com.ziprecruiter.tests.TestRunner@24959ca4]" name="fullRegressionTest" class="com.ziprecruiter.tests.TestRunner"/>
        <method signature="TestRunner.fullRegressionTest()[pri:0, instance:com.ziprecruiter.tests.TestRunner@1169afe1]" name="fullRegressionTest" class="com.ziprecruiter.tests.TestRunner"/>
        <method signature="TestSuite.searchFunctionalityTest()[pri:2, instance:com.ziprecruiter.tests.TestSuite@2ca26d77]" name="searchFunctionalityTest" class="com.ziprecruiter.tests.TestSuite"/>
        <method signature="TestSuite.loginFunctionalityTest()[pri:3, instance:com.ziprecruiter.tests.TestSuite@2ca26d77]" name="loginFunctionalityTest" class="com.ziprecruiter.tests.TestSuite"/>
        <method signature="TestSuite.registrationFunctionalityTest()[pri:4, instance:com.ziprecruiter.tests.TestSuite@2ca26d77]" name="registrationFunctionalityTest" class="com.ziprecruiter.tests.TestSuite"/>
        <method signature="TestSuite.profileFunctionalityTest()[pri:5, instance:com.ziprecruiter.tests.TestSuite@2ca26d77]" name="profileFunctionalityTest" class="com.ziprecruiter.tests.TestSuite"/>
        <method signature="TestSuite.jobDetailsFunctionalityTest()[pri:6, instance:com.ziprecruiter.tests.TestSuite@2ca26d77]" name="jobDetailsFunctionalityTest" class="com.ziprecruiter.tests.TestSuite"/>
        <method signature="TestSuite.applicationFlowFunctionalityTest()[pri:7, instance:com.ziprecruiter.tests.TestSuite@2ca26d77]" name="applicationFlowFunctionalityTest" class="com.ziprecruiter.tests.TestSuite"/>
        <method signature="TestSuite.savedJobsFunctionalityTest()[pri:8, instance:com.ziprecruiter.tests.TestSuite@2ca26d77]" name="savedJobsFunctionalityTest" class="com.ziprecruiter.tests.TestSuite"/>
        <method signature="TestSuite.notificationsFunctionalityTest()[pri:9, instance:com.ziprecruiter.tests.TestSuite@2ca26d77]" name="notificationsFunctionalityTest" class="com.ziprecruiter.tests.TestSuite"/>
        <method signature="TestSuite.filtersFunctionalityTest()[pri:10, instance:com.ziprecruiter.tests.TestSuite@2ca26d77]" name="filtersFunctionalityTest" class="com.ziprecruiter.tests.TestSuite"/>
        <method signature="TestSuite.paginationFunctionalityTest()[pri:11, instance:com.ziprecruiter.tests.TestSuite@2ca26d77]" name="paginationFunctionalityTest" class="com.ziprecruiter.tests.TestSuite"/>
        <method signature="TestSuite.accessibilityFunctionalityTest()[pri:12, instance:com.ziprecruiter.tests.TestSuite@2ca26d77]" name="accessibilityFunctionalityTest" class="com.ziprecruiter.tests.TestSuite"/>
      </group> <!-- regression -->
      <group name="responsive">
        <method signature="TestRunner.mobileResponsivenessTest()[pri:0, instance:com.ziprecruiter.tests.TestRunner@7975d1d8]" name="mobileResponsivenessTest" class="com.ziprecruiter.tests.TestRunner"/>
        <method signature="TestRunner.mobileResponsivenessTest()[pri:0, instance:com.ziprecruiter.tests.TestRunner@3214ee6]" name="mobileResponsivenessTest" class="com.ziprecruiter.tests.TestRunner"/>
        <method signature="TestRunner.mobileResponsivenessTest()[pri:0, instance:com.ziprecruiter.tests.TestRunner@1169afe1]" name="mobileResponsivenessTest" class="com.ziprecruiter.tests.TestRunner"/>
      </group> <!-- responsive -->
      <group name="setup">
        <method signature="TestConfiguration.testEnvironmentConfiguration()[pri:0, instance:com.ziprecruiter.tests.TestConfiguration@15d49048]" name="testEnvironmentConfiguration" class="com.ziprecruiter.tests.TestConfiguration"/>
        <method signature="TestConfiguration.testEnvironmentConfiguration()[pri:0, instance:com.ziprecruiter.tests.TestConfiguration@6c7a164b]" name="testEnvironmentConfiguration" class="com.ziprecruiter.tests.TestConfiguration"/>
      </group> <!-- setup -->
      <group name="properties">
        <method signature="TestConfiguration.testPropertiesConfiguration()[pri:0, instance:com.ziprecruiter.tests.TestConfiguration@15d49048]" name="testPropertiesConfiguration" class="com.ziprecruiter.tests.TestConfiguration"/>
        <method signature="TestConfiguration.testPropertiesConfiguration()[pri:0, instance:com.ziprecruiter.tests.TestConfiguration@6c7a164b]" name="testPropertiesConfiguration" class="com.ziprecruiter.tests.TestConfiguration"/>
      </group> <!-- properties -->
      <group name="statistics">
        <method signature="TestExecutionSummary.testExecutionStatistics()[pri:0, instance:com.ziprecruiter.tests.TestExecutionSummary@17503f6b]" name="testExecutionStatistics" class="com.ziprecruiter.tests.TestExecutionSummary"/>
        <method signature="TestExecutionSummary.testExecutionStatistics()[pri:0, instance:com.ziprecruiter.tests.TestExecutionSummary@747f281]" name="testExecutionStatistics" class="com.ziprecruiter.tests.TestExecutionSummary"/>
      </group> <!-- statistics -->
    </groups>
    <test started-at="2025-07-10T11:36:13 CDT" name="Smoke Tests" finished-at="2025-07-10T11:36:14 CDT" duration-ms="528">
      <class name="com.ziprecruiter.tests.TestSuite">
        <test-method signature="smokeTest()[pri:1, instance:com.ziprecruiter.tests.TestSuite@28dcca0c]" started-at="2025-07-10T11:36:13 CDT" name="smokeTest" finished-at="2025-07-10T11:36:13 CDT" duration-ms="187" status="FAIL">
          <exception class="java.lang.NullPointerException">
            <message>
              <![CDATA[Cannot invoke "org.openqa.selenium.WebDriver.get(String)" because "this.driver" is null]]>
            </message>
            <full-stacktrace>
              <![CDATA[java.lang.NullPointerException: Cannot invoke "org.openqa.selenium.WebDriver.get(String)" because "this.driver" is null
at com.ziprecruiter.tests.TestSuite.smokeTest(TestSuite.java:40)
at java.base/jdk.internal.reflect.DirectMethodHandleAccessor.invoke(DirectMethodHandleAccessor.java:104)
at java.base/java.lang.reflect.Method.invoke(Method.java:578)
at org.testng.internal.invokers.MethodInvocationHelper.invokeMethod(MethodInvocationHelper.java:139)
at org.testng.internal.invokers.TestInvoker.invokeMethod(TestInvoker.java:664)
at org.testng.internal.invokers.TestInvoker.invokeTestMethod(TestInvoker.java:228)
at org.testng.internal.invokers.MethodRunner.runInSequence(MethodRunner.java:63)
at org.testng.internal.invokers.TestInvoker$MethodInvocationAgent.invoke(TestInvoker.java:961)
at org.testng.internal.invokers.TestInvoker.invokeTestMethods(TestInvoker.java:201)
at org.testng.internal.invokers.TestMethodWorker.invokeTestMethods(TestMethodWorker.java:148)
at org.testng.internal.invokers.TestMethodWorker.run(TestMethodWorker.java:128)
at java.base/java.util.concurrent.Executors$RunnableAdapter.call(Executors.java:577)
at java.base/java.util.concurrent.FutureTask.run(FutureTask.java:317)
at org.testng.internal.thread.graph.TestNGFutureTask.run(TestNGFutureTask.java:22)
at java.base/java.util.concurrent.ThreadPoolExecutor.runWorker(ThreadPoolExecutor.java:1144)
at java.base/java.util.concurrent.ThreadPoolExecutor$Worker.run(ThreadPoolExecutor.java:642)
at java.base/java.lang.Thread.run(Thread.java:1623)
]]>
            </full-stacktrace>
          </exception> <!-- java.lang.NullPointerException -->
          <reporter-output>
          </reporter-output>
        </test-method> <!-- smokeTest -->
      </class> <!-- com.ziprecruiter.tests.TestSuite -->
    </test> <!-- Smoke Tests -->
    <test started-at="2025-07-10T11:36:14 CDT" name="Regression Tests" finished-at="2025-07-10T11:36:14 CDT" duration-ms="1">
    </test> <!-- Regression Tests -->
    <test started-at="2025-07-10T11:36:14 CDT" name="Integration Tests" finished-at="2025-07-10T11:36:14 CDT" duration-ms="2">
    </test> <!-- Integration Tests -->
    <test started-at="2025-07-10T11:36:14 CDT" name="Negative Tests" finished-at="2025-07-10T11:36:14 CDT" duration-ms="1">
    </test> <!-- Negative Tests -->
    <test started-at="2025-07-10T11:36:14 CDT" name="Edge Case Tests" finished-at="2025-07-10T11:36:14 CDT" duration-ms="1">
    </test> <!-- Edge Case Tests -->
    <test started-at="2025-07-10T11:36:14 CDT" name="Performance Tests" finished-at="2025-07-10T11:36:14 CDT" duration-ms="23">
      <class name="com.ziprecruiter.tests.TestExecutionSummary">
        <test-method signature="testPerformanceMetrics()[pri:0, instance:com.ziprecruiter.tests.TestExecutionSummary@37313c65]" started-at="2025-07-10T11:36:14 CDT" name="testPerformanceMetrics" finished-at="2025-07-10T11:36:14 CDT" duration-ms="7" status="FAIL">
          <exception class="java.lang.NullPointerException">
            <message>
              <![CDATA[Cannot invoke "org.openqa.selenium.WebDriver.get(String)" because "this.driver" is null]]>
            </message>
            <full-stacktrace>
              <![CDATA[java.lang.NullPointerException: Cannot invoke "org.openqa.selenium.WebDriver.get(String)" because "this.driver" is null
at com.ziprecruiter.tests.TestExecutionSummary.testPerformanceMetrics(TestExecutionSummary.java:111)
at java.base/jdk.internal.reflect.DirectMethodHandleAccessor.invoke(DirectMethodHandleAccessor.java:104)
at java.base/java.lang.reflect.Method.invoke(Method.java:578)
at org.testng.internal.invokers.MethodInvocationHelper.invokeMethod(MethodInvocationHelper.java:139)
at org.testng.internal.invokers.TestInvoker.invokeMethod(TestInvoker.java:664)
at org.testng.internal.invokers.TestInvoker.invokeTestMethod(TestInvoker.java:228)
at org.testng.internal.invokers.MethodRunner.runInSequence(MethodRunner.java:63)
at org.testng.internal.invokers.TestInvoker$MethodInvocationAgent.invoke(TestInvoker.java:961)
at org.testng.internal.invokers.TestInvoker.invokeTestMethods(TestInvoker.java:201)
at org.testng.internal.invokers.TestMethodWorker.invokeTestMethods(TestMethodWorker.java:148)
at org.testng.internal.invokers.TestMethodWorker.run(TestMethodWorker.java:128)
at java.base/java.util.concurrent.Executors$RunnableAdapter.call(Executors.java:577)
at java.base/java.util.concurrent.FutureTask.run(FutureTask.java:317)
at org.testng.internal.thread.graph.TestNGFutureTask.run(TestNGFutureTask.java:22)
at java.base/java.util.concurrent.ThreadPoolExecutor.runWorker(ThreadPoolExecutor.java:1144)
at java.base/java.util.concurrent.ThreadPoolExecutor$Worker.run(ThreadPoolExecutor.java:642)
at java.base/java.lang.Thread.run(Thread.java:1623)
]]>
            </full-stacktrace>
          </exception> <!-- java.lang.NullPointerException -->
          <reporter-output>
          </reporter-output>
        </test-method> <!-- testPerformanceMetrics -->
      </class> <!-- com.ziprecruiter.tests.TestExecutionSummary -->
    </test> <!-- Performance Tests -->
    <test started-at="2025-07-10T11:36:14 CDT" name="Security Tests" finished-at="2025-07-10T11:36:14 CDT" duration-ms="22">
      <class name="com.ziprecruiter.tests.TestRunner">
        <test-method signature="securityPenetrationTest()[pri:0, instance:com.ziprecruiter.tests.TestRunner@6e2aa843]" started-at="2025-07-10T11:36:14 CDT" name="securityPenetrationTest" finished-at="2025-07-10T11:36:14 CDT" duration-ms="8" status="FAIL">
          <exception class="java.lang.NullPointerException">
            <message>
              <![CDATA[Cannot invoke "org.openqa.selenium.WebDriver.get(String)" because "this.driver" is null]]>
            </message>
            <full-stacktrace>
              <![CDATA[java.lang.NullPointerException: Cannot invoke "org.openqa.selenium.WebDriver.get(String)" because "this.driver" is null
at com.ziprecruiter.tests.TestRunner.securityPenetrationTest(TestRunner.java:88)
at java.base/jdk.internal.reflect.DirectMethodHandleAccessor.invoke(DirectMethodHandleAccessor.java:104)
at java.base/java.lang.reflect.Method.invoke(Method.java:578)
at org.testng.internal.invokers.MethodInvocationHelper.invokeMethod(MethodInvocationHelper.java:139)
at org.testng.internal.invokers.TestInvoker.invokeMethod(TestInvoker.java:664)
at org.testng.internal.invokers.TestInvoker.invokeTestMethod(TestInvoker.java:228)
at org.testng.internal.invokers.MethodRunner.runInSequence(MethodRunner.java:63)
at org.testng.internal.invokers.TestInvoker$MethodInvocationAgent.invoke(TestInvoker.java:961)
at org.testng.internal.invokers.TestInvoker.invokeTestMethods(TestInvoker.java:201)
at org.testng.internal.invokers.TestMethodWorker.invokeTestMethods(TestMethodWorker.java:148)
at org.testng.internal.invokers.TestMethodWorker.run(TestMethodWorker.java:128)
at java.base/java.util.concurrent.Executors$RunnableAdapter.call(Executors.java:577)
at java.base/java.util.concurrent.FutureTask.run(FutureTask.java:317)
at org.testng.internal.thread.graph.TestNGFutureTask.run(TestNGFutureTask.java:22)
at java.base/java.util.concurrent.ThreadPoolExecutor.runWorker(ThreadPoolExecutor.java:1144)
at java.base/java.util.concurrent.ThreadPoolExecutor$Worker.run(ThreadPoolExecutor.java:642)
at java.base/java.lang.Thread.run(Thread.java:1623)
]]>
            </full-stacktrace>
          </exception> <!-- java.lang.NullPointerException -->
          <reporter-output>
          </reporter-output>
        </test-method> <!-- securityPenetrationTest -->
      </class> <!-- com.ziprecruiter.tests.TestRunner -->
    </test> <!-- Security Tests -->
    <test started-at="2025-07-10T11:36:14 CDT" name="Browser Compatibility Tests" finished-at="2025-07-10T11:36:14 CDT" duration-ms="6">
    </test> <!-- Browser Compatibility Tests -->
    <test started-at="2025-07-10T11:36:14 CDT" name="Accessibility Tests" finished-at="2025-07-10T11:36:14 CDT" duration-ms="1">
    </test> <!-- Accessibility Tests -->
    <test started-at="2025-07-10T11:36:14 CDT" name="Data-Driven Tests" finished-at="2025-07-10T11:36:14 CDT" duration-ms="4">
    </test> <!-- Data-Driven Tests -->
    <test started-at="2025-07-10T11:36:14 CDT" name="Parallel Execution Tests" finished-at="2025-07-10T11:36:14 CDT" duration-ms="1">
    </test> <!-- Parallel Execution Tests -->
    <test started-at="2025-07-10T11:36:14 CDT" name="Configuration Tests" finished-at="2025-07-10T11:36:14 CDT" duration-ms="325">
      <class name="com.ziprecruiter.tests.TestConfiguration">
        <test-method signature="testAllureConfiguration()[pri:0, instance:com.ziprecruiter.tests.TestConfiguration@15d49048]" started-at="2025-07-10T11:36:14 CDT" name="testAllureConfiguration" finished-at="2025-07-10T11:36:14 CDT" duration-ms="61" status="FAIL">
          <exception class="java.lang.NullPointerException">
            <message>
              <![CDATA[Cannot invoke "org.openqa.selenium.remote.RemoteWebDriver.getCapabilities()" because "this.driver" is null]]>
            </message>
            <full-stacktrace>
              <![CDATA[java.lang.NullPointerException: Cannot invoke "org.openqa.selenium.remote.RemoteWebDriver.getCapabilities()" because "this.driver" is null
at com.ziprecruiter.tests.TestConfiguration.testAllureConfiguration(TestConfiguration.java:193)
at java.base/jdk.internal.reflect.DirectMethodHandleAccessor.invoke(DirectMethodHandleAccessor.java:104)
at java.base/java.lang.reflect.Method.invoke(Method.java:578)
at org.testng.internal.invokers.MethodInvocationHelper.invokeMethod(MethodInvocationHelper.java:139)
at org.testng.internal.invokers.TestInvoker.invokeMethod(TestInvoker.java:664)
at org.testng.internal.invokers.TestInvoker.invokeTestMethod(TestInvoker.java:228)
at org.testng.internal.invokers.MethodRunner.runInSequence(MethodRunner.java:63)
at org.testng.internal.invokers.TestInvoker$MethodInvocationAgent.invoke(TestInvoker.java:961)
at org.testng.internal.invokers.TestInvoker.invokeTestMethods(TestInvoker.java:201)
at org.testng.internal.invokers.TestMethodWorker.invokeTestMethods(TestMethodWorker.java:148)
at org.testng.internal.invokers.TestMethodWorker.run(TestMethodWorker.java:128)
at java.base/java.util.concurrent.Executors$RunnableAdapter.call(Executors.java:577)
at java.base/java.util.concurrent.FutureTask.run(FutureTask.java:317)
at org.testng.internal.thread.graph.TestNGFutureTask.run(TestNGFutureTask.java:22)
at java.base/java.util.concurrent.ThreadPoolExecutor.runWorker(ThreadPoolExecutor.java:1144)
at java.base/java.util.concurrent.ThreadPoolExecutor$Worker.run(ThreadPoolExecutor.java:642)
at java.base/java.lang.Thread.run(Thread.java:1623)
]]>
            </full-stacktrace>
          </exception> <!-- java.lang.NullPointerException -->
          <reporter-output>
          </reporter-output>
        </test-method> <!-- testAllureConfiguration -->
        <test-method signature="testBrowserConfiguration()[pri:0, instance:com.ziprecruiter.tests.TestConfiguration@15d49048]" started-at="2025-07-10T11:36:14 CDT" name="testBrowserConfiguration" finished-at="2025-07-10T11:36:14 CDT" duration-ms="7" status="FAIL">
          <exception class="java.lang.NullPointerException">
            <message>
              <![CDATA[Cannot invoke "org.openqa.selenium.remote.RemoteWebDriver.getCapabilities()" because "this.driver" is null]]>
            </message>
            <full-stacktrace>
              <![CDATA[java.lang.NullPointerException: Cannot invoke "org.openqa.selenium.remote.RemoteWebDriver.getCapabilities()" because "this.driver" is null
at com.ziprecruiter.tests.TestConfiguration.testBrowserConfiguration(TestConfiguration.java:69)
at java.base/jdk.internal.reflect.DirectMethodHandleAccessor.invoke(DirectMethodHandleAccessor.java:104)
at java.base/java.lang.reflect.Method.invoke(Method.java:578)
at org.testng.internal.invokers.MethodInvocationHelper.invokeMethod(MethodInvocationHelper.java:139)
at org.testng.internal.invokers.TestInvoker.invokeMethod(TestInvoker.java:664)
at org.testng.internal.invokers.TestInvoker.invokeTestMethod(TestInvoker.java:228)
at org.testng.internal.invokers.MethodRunner.runInSequence(MethodRunner.java:63)
at org.testng.internal.invokers.TestInvoker$MethodInvocationAgent.invoke(TestInvoker.java:961)
at org.testng.internal.invokers.TestInvoker.invokeTestMethods(TestInvoker.java:201)
at org.testng.internal.invokers.TestMethodWorker.invokeTestMethods(TestMethodWorker.java:148)
at org.testng.internal.invokers.TestMethodWorker.run(TestMethodWorker.java:128)
at java.base/java.util.concurrent.Executors$RunnableAdapter.call(Executors.java:577)
at java.base/java.util.concurrent.FutureTask.run(FutureTask.java:317)
at org.testng.internal.thread.graph.TestNGFutureTask.run(TestNGFutureTask.java:22)
at java.base/java.util.concurrent.ThreadPoolExecutor.runWorker(ThreadPoolExecutor.java:1144)
at java.base/java.util.concurrent.ThreadPoolExecutor$Worker.run(ThreadPoolExecutor.java:642)
at java.base/java.lang.Thread.run(Thread.java:1623)
]]>
            </full-stacktrace>
          </exception> <!-- java.lang.NullPointerException -->
          <reporter-output>
          </reporter-output>
        </test-method> <!-- testBrowserConfiguration -->
        <test-method signature="testCleanupConfiguration()[pri:0, instance:com.ziprecruiter.tests.TestConfiguration@15d49048]" started-at="2025-07-10T11:36:14 CDT" name="testCleanupConfiguration" finished-at="2025-07-10T11:36:14 CDT" duration-ms="5" status="FAIL">
          <exception class="java.lang.NullPointerException">
            <message>
              <![CDATA[Cannot invoke "org.openqa.selenium.WebDriver.get(String)" because "this.driver" is null]]>
            </message>
            <full-stacktrace>
              <![CDATA[java.lang.NullPointerException: Cannot invoke "org.openqa.selenium.WebDriver.get(String)" because "this.driver" is null
at com.ziprecruiter.tests.TestConfiguration.testCleanupConfiguration(TestConfiguration.java:226)
at java.base/jdk.internal.reflect.DirectMethodHandleAccessor.invoke(DirectMethodHandleAccessor.java:104)
at java.base/java.lang.reflect.Method.invoke(Method.java:578)
at org.testng.internal.invokers.MethodInvocationHelper.invokeMethod(MethodInvocationHelper.java:139)
at org.testng.internal.invokers.TestInvoker.invokeMethod(TestInvoker.java:664)
at org.testng.internal.invokers.TestInvoker.invokeTestMethod(TestInvoker.java:228)
at org.testng.internal.invokers.MethodRunner.runInSequence(MethodRunner.java:63)
at org.testng.internal.invokers.TestInvoker$MethodInvocationAgent.invoke(TestInvoker.java:961)
at org.testng.internal.invokers.TestInvoker.invokeTestMethods(TestInvoker.java:201)
at org.testng.internal.invokers.TestMethodWorker.invokeTestMethods(TestMethodWorker.java:148)
at org.testng.internal.invokers.TestMethodWorker.run(TestMethodWorker.java:128)
at java.base/java.util.concurrent.Executors$RunnableAdapter.call(Executors.java:577)
at java.base/java.util.concurrent.FutureTask.run(FutureTask.java:317)
at org.testng.internal.thread.graph.TestNGFutureTask.run(TestNGFutureTask.java:22)
at java.base/java.util.concurrent.ThreadPoolExecutor.runWorker(ThreadPoolExecutor.java:1144)
at java.base/java.util.concurrent.ThreadPoolExecutor$Worker.run(ThreadPoolExecutor.java:642)
at java.base/java.lang.Thread.run(Thread.java:1623)
]]>
            </full-stacktrace>
          </exception> <!-- java.lang.NullPointerException -->
          <reporter-output>
          </reporter-output>
        </test-method> <!-- testCleanupConfiguration -->
        <test-method signature="testConfigurationValidation()[pri:0, instance:com.ziprecruiter.tests.TestConfiguration@15d49048]" started-at="2025-07-10T11:36:14 CDT" name="testConfigurationValidation" finished-at="2025-07-10T11:36:14 CDT" duration-ms="13" status="PASS">
          <reporter-output>
          </reporter-output>
        </test-method> <!-- testConfigurationValidation -->
        <test-method signature="testDataConfiguration()[pri:0, instance:com.ziprecruiter.tests.TestConfiguration@15d49048]" started-at="2025-07-10T11:36:14 CDT" name="testDataConfiguration" finished-at="2025-07-10T11:36:14 CDT" duration-ms="32" status="PASS">
          <reporter-output>
          </reporter-output>
        </test-method> <!-- testDataConfiguration -->
        <test-method signature="testEnvironmentConfiguration()[pri:0, instance:com.ziprecruiter.tests.TestConfiguration@15d49048]" started-at="2025-07-10T11:36:14 CDT" name="testEnvironmentConfiguration" finished-at="2025-07-10T11:36:14 CDT" duration-ms="13" status="FAIL">
          <exception class="java.lang.AssertionError">
            <message>
              <![CDATA[WebDriver should be initialized expected object to not be null]]>
            </message>
            <full-stacktrace>
              <![CDATA[java.lang.AssertionError: WebDriver should be initialized expected object to not be null
at org.testng.Assert.fail(Assert.java:111)
at org.testng.Assert.assertNotNull(Assert.java:1484)
at com.ziprecruiter.tests.TestConfiguration.testEnvironmentConfiguration(TestConfiguration.java:53)
at java.base/jdk.internal.reflect.DirectMethodHandleAccessor.invoke(DirectMethodHandleAccessor.java:104)
at java.base/java.lang.reflect.Method.invoke(Method.java:578)
at org.testng.internal.invokers.MethodInvocationHelper.invokeMethod(MethodInvocationHelper.java:139)
at org.testng.internal.invokers.TestInvoker.invokeMethod(TestInvoker.java:664)
at org.testng.internal.invokers.TestInvoker.invokeTestMethod(TestInvoker.java:228)
at org.testng.internal.invokers.MethodRunner.runInSequence(MethodRunner.java:63)
at org.testng.internal.invokers.TestInvoker$MethodInvocationAgent.invoke(TestInvoker.java:961)
at org.testng.internal.invokers.TestInvoker.invokeTestMethods(TestInvoker.java:201)
at org.testng.internal.invokers.TestMethodWorker.invokeTestMethods(TestMethodWorker.java:148)
at org.testng.internal.invokers.TestMethodWorker.run(TestMethodWorker.java:128)
at java.base/java.util.concurrent.Executors$RunnableAdapter.call(Executors.java:577)
at java.base/java.util.concurrent.FutureTask.run(FutureTask.java:317)
at org.testng.internal.thread.graph.TestNGFutureTask.run(TestNGFutureTask.java:22)
at java.base/java.util.concurrent.ThreadPoolExecutor.runWorker(ThreadPoolExecutor.java:1144)
at java.base/java.util.concurrent.ThreadPoolExecutor$Worker.run(ThreadPoolExecutor.java:642)
at java.base/java.lang.Thread.run(Thread.java:1623)
]]>
            </full-stacktrace>
          </exception> <!-- java.lang.AssertionError -->
          <reporter-output>
          </reporter-output>
        </test-method> <!-- testEnvironmentConfiguration -->
        <test-method signature="testPageObjectConfiguration()[pri:0, instance:com.ziprecruiter.tests.TestConfiguration@15d49048]" started-at="2025-07-10T11:36:14 CDT" name="testPageObjectConfiguration" finished-at="2025-07-10T11:36:14 CDT" duration-ms="45" status="FAIL">
          <exception class="java.lang.IllegalArgumentException">
            <message>
              <![CDATA[Driver must be set]]>
            </message>
            <full-stacktrace>
              <![CDATA[java.lang.IllegalArgumentException: Driver must be set
at org.openqa.selenium.internal.Require.nonNull(Require.java:60)
at org.openqa.selenium.interactions.Actions.<init>(Actions.java:59)
at com.ziprecruiter.base.BasePage.<init>(BasePage.java:35)
at com.ziprecruiter.pages.SearchResultsPage.<init>(SearchResultsPage.java:25)
at com.ziprecruiter.tests.TestConfiguration.testPageObjectConfiguration(TestConfiguration.java:147)
at java.base/jdk.internal.reflect.DirectMethodHandleAccessor.invoke(DirectMethodHandleAccessor.java:104)
at java.base/java.lang.reflect.Method.invoke(Method.java:578)
at org.testng.internal.invokers.MethodInvocationHelper.invokeMethod(MethodInvocationHelper.java:139)
at org.testng.internal.invokers.TestInvoker.invokeMethod(TestInvoker.java:664)
at org.testng.internal.invokers.TestInvoker.invokeTestMethod(TestInvoker.java:228)
at org.testng.internal.invokers.MethodRunner.runInSequence(MethodRunner.java:63)
at org.testng.internal.invokers.TestInvoker$MethodInvocationAgent.invoke(TestInvoker.java:961)
at org.testng.internal.invokers.TestInvoker.invokeTestMethods(TestInvoker.java:201)
at org.testng.internal.invokers.TestMethodWorker.invokeTestMethods(TestMethodWorker.java:148)
at org.testng.internal.invokers.TestMethodWorker.run(TestMethodWorker.java:128)
at java.base/java.util.concurrent.Executors$RunnableAdapter.call(Executors.java:577)
at java.base/java.util.concurrent.FutureTask.run(FutureTask.java:317)
at org.testng.internal.thread.graph.TestNGFutureTask.run(TestNGFutureTask.java:22)
at java.base/java.util.concurrent.ThreadPoolExecutor.runWorker(ThreadPoolExecutor.java:1144)
at java.base/java.util.concurrent.ThreadPoolExecutor$Worker.run(ThreadPoolExecutor.java:642)
at java.base/java.lang.Thread.run(Thread.java:1623)
]]>
            </full-stacktrace>
          </exception> <!-- java.lang.IllegalArgumentException -->
          <reporter-output>
          </reporter-output>
        </test-method> <!-- testPageObjectConfiguration -->
        <test-method signature="testParallelConfiguration()[pri:0, instance:com.ziprecruiter.tests.TestConfiguration@15d49048]" started-at="2025-07-10T11:36:14 CDT" name="testParallelConfiguration" finished-at="2025-07-10T11:36:14 CDT" duration-ms="7" status="FAIL">
          <exception class="java.lang.NullPointerException">
            <message>
              <![CDATA[Cannot invoke "org.openqa.selenium.remote.RemoteWebDriver.getSessionId()" because "this.driver" is null]]>
            </message>
            <full-stacktrace>
              <![CDATA[java.lang.NullPointerException: Cannot invoke "org.openqa.selenium.remote.RemoteWebDriver.getSessionId()" because "this.driver" is null
at com.ziprecruiter.tests.TestConfiguration.testParallelConfiguration(TestConfiguration.java:208)
at java.base/jdk.internal.reflect.DirectMethodHandleAccessor.invoke(DirectMethodHandleAccessor.java:104)
at java.base/java.lang.reflect.Method.invoke(Method.java:578)
at org.testng.internal.invokers.MethodInvocationHelper.invokeMethod(MethodInvocationHelper.java:139)
at org.testng.internal.invokers.TestInvoker.invokeMethod(TestInvoker.java:664)
at org.testng.internal.invokers.TestInvoker.invokeTestMethod(TestInvoker.java:228)
at org.testng.internal.invokers.MethodRunner.runInSequence(MethodRunner.java:63)
at org.testng.internal.invokers.TestInvoker$MethodInvocationAgent.invoke(TestInvoker.java:961)
at org.testng.internal.invokers.TestInvoker.invokeTestMethods(TestInvoker.java:201)
at org.testng.internal.invokers.TestMethodWorker.invokeTestMethods(TestMethodWorker.java:148)
at org.testng.internal.invokers.TestMethodWorker.run(TestMethodWorker.java:128)
at java.base/java.util.concurrent.Executors$RunnableAdapter.call(Executors.java:577)
at java.base/java.util.concurrent.FutureTask.run(FutureTask.java:317)
at org.testng.internal.thread.graph.TestNGFutureTask.run(TestNGFutureTask.java:22)
at java.base/java.util.concurrent.ThreadPoolExecutor.runWorker(ThreadPoolExecutor.java:1144)
at java.base/java.util.concurrent.ThreadPoolExecutor$Worker.run(ThreadPoolExecutor.java:642)
at java.base/java.lang.Thread.run(Thread.java:1623)
]]>
            </full-stacktrace>
          </exception> <!-- java.lang.NullPointerException -->
          <reporter-output>
          </reporter-output>
        </test-method> <!-- testParallelConfiguration -->
        <test-method signature="testPropertiesConfiguration()[pri:0, instance:com.ziprecruiter.tests.TestConfiguration@15d49048]" started-at="2025-07-10T11:36:14 CDT" name="testPropertiesConfiguration" finished-at="2025-07-10T11:36:14 CDT" duration-ms="9" status="FAIL">
          <exception class="java.lang.AssertionError">
            <message>
              <![CDATA[Property browser.name should be configured expected object to not be null]]>
            </message>
            <full-stacktrace>
              <![CDATA[java.lang.AssertionError: Property browser.name should be configured expected object to not be null
at org.testng.Assert.fail(Assert.java:111)
at org.testng.Assert.assertNotNull(Assert.java:1484)
at com.ziprecruiter.tests.TestConfiguration.testPropertiesConfiguration(TestConfiguration.java:113)
at java.base/jdk.internal.reflect.DirectMethodHandleAccessor.invoke(DirectMethodHandleAccessor.java:104)
at java.base/java.lang.reflect.Method.invoke(Method.java:578)
at org.testng.internal.invokers.MethodInvocationHelper.invokeMethod(MethodInvocationHelper.java:139)
at org.testng.internal.invokers.TestInvoker.invokeMethod(TestInvoker.java:664)
at org.testng.internal.invokers.TestInvoker.invokeTestMethod(TestInvoker.java:228)
at org.testng.internal.invokers.MethodRunner.runInSequence(MethodRunner.java:63)
at org.testng.internal.invokers.TestInvoker$MethodInvocationAgent.invoke(TestInvoker.java:961)
at org.testng.internal.invokers.TestInvoker.invokeTestMethods(TestInvoker.java:201)
at org.testng.internal.invokers.TestMethodWorker.invokeTestMethods(TestMethodWorker.java:148)
at org.testng.internal.invokers.TestMethodWorker.run(TestMethodWorker.java:128)
at java.base/java.util.concurrent.Executors$RunnableAdapter.call(Executors.java:577)
at java.base/java.util.concurrent.FutureTask.run(FutureTask.java:317)
at org.testng.internal.thread.graph.TestNGFutureTask.run(TestNGFutureTask.java:22)
at java.base/java.util.concurrent.ThreadPoolExecutor.runWorker(ThreadPoolExecutor.java:1144)
at java.base/java.util.concurrent.ThreadPoolExecutor$Worker.run(ThreadPoolExecutor.java:642)
at java.base/java.lang.Thread.run(Thread.java:1623)
]]>
            </full-stacktrace>
          </exception> <!-- java.lang.AssertionError -->
          <reporter-output>
          </reporter-output>
        </test-method> <!-- testPropertiesConfiguration -->
        <test-method signature="testTimeoutConfiguration()[pri:0, instance:com.ziprecruiter.tests.TestConfiguration@15d49048]" started-at="2025-07-10T11:36:14 CDT" name="testTimeoutConfiguration" finished-at="2025-07-10T11:36:14 CDT" duration-ms="9" status="FAIL">
          <exception class="java.lang.NullPointerException">
            <message>
              <![CDATA[Cannot invoke "org.openqa.selenium.WebDriver.manage()" because "this.driver" is null]]>
            </message>
            <full-stacktrace>
              <![CDATA[java.lang.NullPointerException: Cannot invoke "org.openqa.selenium.WebDriver.manage()" because "this.driver" is null
at com.ziprecruiter.tests.TestConfiguration.testTimeoutConfiguration(TestConfiguration.java:87)
at java.base/jdk.internal.reflect.DirectMethodHandleAccessor.invoke(DirectMethodHandleAccessor.java:104)
at java.base/java.lang.reflect.Method.invoke(Method.java:578)
at org.testng.internal.invokers.MethodInvocationHelper.invokeMethod(MethodInvocationHelper.java:139)
at org.testng.internal.invokers.TestInvoker.invokeMethod(TestInvoker.java:664)
at org.testng.internal.invokers.TestInvoker.invokeTestMethod(TestInvoker.java:228)
at org.testng.internal.invokers.MethodRunner.runInSequence(MethodRunner.java:63)
at org.testng.internal.invokers.TestInvoker$MethodInvocationAgent.invoke(TestInvoker.java:961)
at org.testng.internal.invokers.TestInvoker.invokeTestMethods(TestInvoker.java:201)
at org.testng.internal.invokers.TestMethodWorker.invokeTestMethods(TestMethodWorker.java:148)
at org.testng.internal.invokers.TestMethodWorker.run(TestMethodWorker.java:128)
at java.base/java.util.concurrent.Executors$RunnableAdapter.call(Executors.java:577)
at java.base/java.util.concurrent.FutureTask.run(FutureTask.java:317)
at org.testng.internal.thread.graph.TestNGFutureTask.run(TestNGFutureTask.java:22)
at java.base/java.util.concurrent.ThreadPoolExecutor.runWorker(ThreadPoolExecutor.java:1144)
at java.base/java.util.concurrent.ThreadPoolExecutor$Worker.run(ThreadPoolExecutor.java:642)
at java.base/java.lang.Thread.run(Thread.java:1623)
]]>
            </full-stacktrace>
          </exception> <!-- java.lang.NullPointerException -->
          <reporter-output>
          </reporter-output>
        </test-method> <!-- testTimeoutConfiguration -->
        <test-method signature="testUtilityConfiguration()[pri:0, instance:com.ziprecruiter.tests.TestConfiguration@15d49048]" started-at="2025-07-10T11:36:14 CDT" name="testUtilityConfiguration" finished-at="2025-07-10T11:36:14 CDT" duration-ms="8" status="FAIL">
          <exception class="java.lang.NullPointerException">
            <message>
              <![CDATA[Cannot invoke "org.openqa.selenium.WebDriver.get(String)" because "this.driver" is null]]>
            </message>
            <full-stacktrace>
              <![CDATA[java.lang.NullPointerException: Cannot invoke "org.openqa.selenium.WebDriver.get(String)" because "this.driver" is null
at com.ziprecruiter.tests.TestConfiguration.testUtilityConfiguration(TestConfiguration.java:163)
at java.base/jdk.internal.reflect.DirectMethodHandleAccessor.invoke(DirectMethodHandleAccessor.java:104)
at java.base/java.lang.reflect.Method.invoke(Method.java:578)
at org.testng.internal.invokers.MethodInvocationHelper.invokeMethod(MethodInvocationHelper.java:139)
at org.testng.internal.invokers.TestInvoker.invokeMethod(TestInvoker.java:664)
at org.testng.internal.invokers.TestInvoker.invokeTestMethod(TestInvoker.java:228)
at org.testng.internal.invokers.MethodRunner.runInSequence(MethodRunner.java:63)
at org.testng.internal.invokers.TestInvoker$MethodInvocationAgent.invoke(TestInvoker.java:961)
at org.testng.internal.invokers.TestInvoker.invokeTestMethods(TestInvoker.java:201)
at org.testng.internal.invokers.TestMethodWorker.invokeTestMethods(TestMethodWorker.java:148)
at org.testng.internal.invokers.TestMethodWorker.run(TestMethodWorker.java:128)
at java.base/java.util.concurrent.Executors$RunnableAdapter.call(Executors.java:577)
at java.base/java.util.concurrent.FutureTask.run(FutureTask.java:317)
at org.testng.internal.thread.graph.TestNGFutureTask.run(TestNGFutureTask.java:22)
at java.base/java.util.concurrent.ThreadPoolExecutor.runWorker(ThreadPoolExecutor.java:1144)
at java.base/java.util.concurrent.ThreadPoolExecutor$Worker.run(ThreadPoolExecutor.java:642)
at java.base/java.lang.Thread.run(Thread.java:1623)
]]>
            </full-stacktrace>
          </exception> <!-- java.lang.NullPointerException -->
          <reporter-output>
          </reporter-output>
        </test-method> <!-- testUtilityConfiguration -->
      </class> <!-- com.ziprecruiter.tests.TestConfiguration -->
    </test> <!-- Configuration Tests -->
    <test started-at="2025-07-10T11:36:14 CDT" name="Summary and Reporting Tests" finished-at="2025-07-10T11:36:14 CDT" duration-ms="116">
      <class name="com.ziprecruiter.tests.TestExecutionSummary">
        <test-method signature="testBrowserCompatibilitySummary()[pri:0, instance:com.ziprecruiter.tests.TestExecutionSummary@17503f6b]" started-at="2025-07-10T11:36:14 CDT" name="testBrowserCompatibilitySummary" finished-at="2025-07-10T11:36:14 CDT" duration-ms="6" status="FAIL">
          <exception class="java.lang.NullPointerException">
            <message>
              <![CDATA[Cannot invoke "org.openqa.selenium.remote.RemoteWebDriver.getCapabilities()" because "this.driver" is null]]>
            </message>
            <full-stacktrace>
              <![CDATA[java.lang.NullPointerException: Cannot invoke "org.openqa.selenium.remote.RemoteWebDriver.getCapabilities()" because "this.driver" is null
at com.ziprecruiter.tests.TestExecutionSummary.testBrowserCompatibilitySummary(TestExecutionSummary.java:164)
at java.base/jdk.internal.reflect.DirectMethodHandleAccessor.invoke(DirectMethodHandleAccessor.java:104)
at java.base/java.lang.reflect.Method.invoke(Method.java:578)
at org.testng.internal.invokers.MethodInvocationHelper.invokeMethod(MethodInvocationHelper.java:139)
at org.testng.internal.invokers.TestInvoker.invokeMethod(TestInvoker.java:664)
at org.testng.internal.invokers.TestInvoker.invokeTestMethod(TestInvoker.java:228)
at org.testng.internal.invokers.MethodRunner.runInSequence(MethodRunner.java:63)
at org.testng.internal.invokers.TestInvoker$MethodInvocationAgent.invoke(TestInvoker.java:961)
at org.testng.internal.invokers.TestInvoker.invokeTestMethods(TestInvoker.java:201)
at org.testng.internal.invokers.TestMethodWorker.invokeTestMethods(TestMethodWorker.java:148)
at org.testng.internal.invokers.TestMethodWorker.run(TestMethodWorker.java:128)
at java.base/java.util.concurrent.Executors$RunnableAdapter.call(Executors.java:577)
at java.base/java.util.concurrent.FutureTask.run(FutureTask.java:317)
at org.testng.internal.thread.graph.TestNGFutureTask.run(TestNGFutureTask.java:22)
at java.base/java.util.concurrent.ThreadPoolExecutor.runWorker(ThreadPoolExecutor.java:1144)
at java.base/java.util.concurrent.ThreadPoolExecutor$Worker.run(ThreadPoolExecutor.java:642)
at java.base/java.lang.Thread.run(Thread.java:1623)
]]>
            </full-stacktrace>
          </exception> <!-- java.lang.NullPointerException -->
          <reporter-output>
          </reporter-output>
        </test-method> <!-- testBrowserCompatibilitySummary -->
        <test-method signature="testCoverageAnalysis()[pri:0, instance:com.ziprecruiter.tests.TestExecutionSummary@17503f6b]" started-at="2025-07-10T11:36:14 CDT" name="testCoverageAnalysis" finished-at="2025-07-10T11:36:14 CDT" duration-ms="5" status="FAIL">
          <exception class="java.lang.IllegalArgumentException">
            <message>
              <![CDATA[Driver must be set]]>
            </message>
            <full-stacktrace>
              <![CDATA[java.lang.IllegalArgumentException: Driver must be set
at org.openqa.selenium.internal.Require.nonNull(Require.java:60)
at org.openqa.selenium.interactions.Actions.<init>(Actions.java:59)
at com.ziprecruiter.base.BasePage.<init>(BasePage.java:35)
at com.ziprecruiter.pages.SearchResultsPage.<init>(SearchResultsPage.java:25)
at com.ziprecruiter.tests.TestExecutionSummary.testCoverageAnalysis(TestExecutionSummary.java:135)
at java.base/jdk.internal.reflect.DirectMethodHandleAccessor.invoke(DirectMethodHandleAccessor.java:104)
at java.base/java.lang.reflect.Method.invoke(Method.java:578)
at org.testng.internal.invokers.MethodInvocationHelper.invokeMethod(MethodInvocationHelper.java:139)
at org.testng.internal.invokers.TestInvoker.invokeMethod(TestInvoker.java:664)
at org.testng.internal.invokers.TestInvoker.invokeTestMethod(TestInvoker.java:228)
at org.testng.internal.invokers.MethodRunner.runInSequence(MethodRunner.java:63)
at org.testng.internal.invokers.TestInvoker$MethodInvocationAgent.invoke(TestInvoker.java:961)
at org.testng.internal.invokers.TestInvoker.invokeTestMethods(TestInvoker.java:201)
at org.testng.internal.invokers.TestMethodWorker.invokeTestMethods(TestMethodWorker.java:148)
at org.testng.internal.invokers.TestMethodWorker.run(TestMethodWorker.java:128)
at java.base/java.util.concurrent.Executors$RunnableAdapter.call(Executors.java:577)
at java.base/java.util.concurrent.FutureTask.run(FutureTask.java:317)
at org.testng.internal.thread.graph.TestNGFutureTask.run(TestNGFutureTask.java:22)
at java.base/java.util.concurrent.ThreadPoolExecutor.runWorker(ThreadPoolExecutor.java:1144)
at java.base/java.util.concurrent.ThreadPoolExecutor$Worker.run(ThreadPoolExecutor.java:642)
at java.base/java.lang.Thread.run(Thread.java:1623)
]]>
            </full-stacktrace>
          </exception> <!-- java.lang.IllegalArgumentException -->
          <reporter-output>
          </reporter-output>
        </test-method> <!-- testCoverageAnalysis -->
        <test-method signature="testDataSummary()[pri:0, instance:com.ziprecruiter.tests.TestExecutionSummary@17503f6b]" started-at="2025-07-10T11:36:14 CDT" name="testDataSummary" finished-at="2025-07-10T11:36:14 CDT" duration-ms="3" status="PASS">
          <reporter-output>
          </reporter-output>
        </test-method> <!-- testDataSummary -->
        <test-method signature="testErrorTracking()[pri:0, instance:com.ziprecruiter.tests.TestExecutionSummary@17503f6b]" started-at="2025-07-10T11:36:14 CDT" name="testErrorTracking" finished-at="2025-07-10T11:36:14 CDT" duration-ms="6" status="PASS">
          <reporter-output>
          </reporter-output>
        </test-method> <!-- testErrorTracking -->
        <test-method signature="testExecutionStatistics()[pri:0, instance:com.ziprecruiter.tests.TestExecutionSummary@17503f6b]" started-at="2025-07-10T11:36:14 CDT" name="testExecutionStatistics" finished-at="2025-07-10T11:36:14 CDT" duration-ms="10" status="FAIL">
          <exception class="java.lang.NullPointerException">
            <message>
              <![CDATA[Cannot invoke "org.openqa.selenium.WebDriver.get(String)" because "this.driver" is null]]>
            </message>
            <full-stacktrace>
              <![CDATA[java.lang.NullPointerException: Cannot invoke "org.openqa.selenium.WebDriver.get(String)" because "this.driver" is null
at com.ziprecruiter.tests.TestExecutionSummary.testExecutionStatistics(TestExecutionSummary.java:87)
at java.base/jdk.internal.reflect.DirectMethodHandleAccessor.invoke(DirectMethodHandleAccessor.java:104)
at java.base/java.lang.reflect.Method.invoke(Method.java:578)
at org.testng.internal.invokers.MethodInvocationHelper.invokeMethod(MethodInvocationHelper.java:139)
at org.testng.internal.invokers.TestInvoker.invokeMethod(TestInvoker.java:664)
at org.testng.internal.invokers.TestInvoker.invokeTestMethod(TestInvoker.java:228)
at org.testng.internal.invokers.MethodRunner.runInSequence(MethodRunner.java:63)
at org.testng.internal.invokers.TestInvoker$MethodInvocationAgent.invoke(TestInvoker.java:961)
at org.testng.internal.invokers.TestInvoker.invokeTestMethods(TestInvoker.java:201)
at org.testng.internal.invokers.TestMethodWorker.invokeTestMethods(TestMethodWorker.java:148)
at org.testng.internal.invokers.TestMethodWorker.run(TestMethodWorker.java:128)
at java.base/java.util.concurrent.Executors$RunnableAdapter.call(Executors.java:577)
at java.base/java.util.concurrent.FutureTask.run(FutureTask.java:317)
at org.testng.internal.thread.graph.TestNGFutureTask.run(TestNGFutureTask.java:22)
at java.base/java.util.concurrent.ThreadPoolExecutor.runWorker(ThreadPoolExecutor.java:1144)
at java.base/java.util.concurrent.ThreadPoolExecutor$Worker.run(ThreadPoolExecutor.java:642)
at java.base/java.lang.Thread.run(Thread.java:1623)
]]>
            </full-stacktrace>
          </exception> <!-- java.lang.NullPointerException -->
          <reporter-output>
          </reporter-output>
        </test-method> <!-- testExecutionStatistics -->
        <test-method signature="testFinalExecutionSummary()[pri:0, instance:com.ziprecruiter.tests.TestExecutionSummary@17503f6b]" started-at="2025-07-10T11:36:14 CDT" name="testFinalExecutionSummary" finished-at="2025-07-10T11:36:14 CDT" duration-ms="20" status="FAIL">
          <exception class="java.lang.NullPointerException">
            <message>
              <![CDATA[Cannot invoke "org.openqa.selenium.remote.RemoteWebDriver.getCapabilities()" because "this.driver" is null]]>
            </message>
            <full-stacktrace>
              <![CDATA[java.lang.NullPointerException: Cannot invoke "org.openqa.selenium.remote.RemoteWebDriver.getCapabilities()" because "this.driver" is null
at com.ziprecruiter.tests.TestExecutionSummary.testFinalExecutionSummary(TestExecutionSummary.java:293)
at java.base/jdk.internal.reflect.DirectMethodHandleAccessor.invoke(DirectMethodHandleAccessor.java:104)
at java.base/java.lang.reflect.Method.invoke(Method.java:578)
at org.testng.internal.invokers.MethodInvocationHelper.invokeMethod(MethodInvocationHelper.java:139)
at org.testng.internal.invokers.TestInvoker.invokeMethod(TestInvoker.java:664)
at org.testng.internal.invokers.TestInvoker.invokeTestMethod(TestInvoker.java:228)
at org.testng.internal.invokers.MethodRunner.runInSequence(MethodRunner.java:63)
at org.testng.internal.invokers.TestInvoker$MethodInvocationAgent.invoke(TestInvoker.java:961)
at org.testng.internal.invokers.TestInvoker.invokeTestMethods(TestInvoker.java:201)
at org.testng.internal.invokers.TestMethodWorker.invokeTestMethods(TestMethodWorker.java:148)
at org.testng.internal.invokers.TestMethodWorker.run(TestMethodWorker.java:128)
at java.base/java.util.concurrent.Executors$RunnableAdapter.call(Executors.java:577)
at java.base/java.util.concurrent.FutureTask.run(FutureTask.java:317)
at org.testng.internal.thread.graph.TestNGFutureTask.run(TestNGFutureTask.java:22)
at java.base/java.util.concurrent.ThreadPoolExecutor.runWorker(ThreadPoolExecutor.java:1144)
at java.base/java.util.concurrent.ThreadPoolExecutor$Worker.run(ThreadPoolExecutor.java:642)
at java.base/java.lang.Thread.run(Thread.java:1623)
]]>
            </full-stacktrace>
          </exception> <!-- java.lang.NullPointerException -->
          <reporter-output>
          </reporter-output>
        </test-method> <!-- testFinalExecutionSummary -->
        <test-method signature="testPerformanceMetrics()[pri:0, instance:com.ziprecruiter.tests.TestExecutionSummary@17503f6b]" started-at="2025-07-10T11:36:14 CDT" name="testPerformanceMetrics" finished-at="2025-07-10T11:36:14 CDT" duration-ms="4" status="FAIL">
          <exception class="java.lang.NullPointerException">
            <message>
              <![CDATA[Cannot invoke "org.openqa.selenium.WebDriver.get(String)" because "this.driver" is null]]>
            </message>
            <full-stacktrace>
              <![CDATA[java.lang.NullPointerException: Cannot invoke "org.openqa.selenium.WebDriver.get(String)" because "this.driver" is null
at com.ziprecruiter.tests.TestExecutionSummary.testPerformanceMetrics(TestExecutionSummary.java:111)
at java.base/jdk.internal.reflect.DirectMethodHandleAccessor.invoke(DirectMethodHandleAccessor.java:104)
at java.base/java.lang.reflect.Method.invoke(Method.java:578)
at org.testng.internal.invokers.MethodInvocationHelper.invokeMethod(MethodInvocationHelper.java:139)
at org.testng.internal.invokers.TestInvoker.invokeMethod(TestInvoker.java:664)
at org.testng.internal.invokers.TestInvoker.invokeTestMethod(TestInvoker.java:228)
at org.testng.internal.invokers.MethodRunner.runInSequence(MethodRunner.java:63)
at org.testng.internal.invokers.TestInvoker$MethodInvocationAgent.invoke(TestInvoker.java:961)
[...]
at org.openqa.selenium.remote.HttpCommandExecutor.execute(HttpCommandExecutor.java:190)
at org.openqa.selenium.remote.service.DriverCommandExecutor.invokeExecute(DriverCommandExecutor.java:216)
at org.openqa.selenium.remote.service.DriverCommandExecutor.execute(DriverCommandExecutor.java:174)
at org.openqa.selenium.remote.RemoteWebDriver.execute(RemoteWebDriver.java:518)
at org.openqa.selenium.remote.RemoteWebDriver.executeScript(RemoteWebDriver.java:463)
at com.ziprecruiter.tests.TestConfiguration.afterMethod(TestConfiguration.java:40)
at java.base/jdk.internal.reflect.DirectMethodHandleAccessor.invoke(DirectMethodHandleAccessor.java:104)
at java.base/java.lang.reflect.Method.invoke(Method.java:578)
at org.testng.internal.invokers.MethodInvocationHelper.invokeMethod(MethodInvocationHelper.java:139)
at org.testng.internal.invokers.MethodInvocationHelper.invokeMethodConsideringTimeout(MethodInvocationHelper.java:69)
at org.testng.internal.invokers.ConfigInvoker.invokeConfigurationMethod(ConfigInvoker.java:393)
at org.testng.internal.invokers.ConfigInvoker.invokeConfigurations(ConfigInvoker.java:326)
at org.testng.internal.invokers.TestInvoker.runConfigMethods(TestInvoker.java:810)
at org.testng.internal.invokers.TestInvoker.runAfterConfigurations(TestInvoker.java:779)
at org.testng.internal.invokers.TestInvoker.invokeMethod(TestInvoker.java:755)
at org.testng.internal.invokers.TestInvoker.invokeTestMethod(TestInvoker.java:228)
at org.testng.internal.invokers.MethodRunner.runInSequence(MethodRunner.java:63)
at org.testng.internal.invokers.TestInvoker$MethodInvocationAgent.invoke(TestInvoker.java:961)
at org.testng.internal.invokers.TestInvoker.invokeTestMethods(TestInvoker.java:201)
at org.testng.internal.invokers.TestMethodWorker.invokeTestMethods(TestMethodWorker.java:148)
at org.testng.internal.invokers.TestMethodWorker.run(TestMethodWorker.java:128)
at java.base/java.util.concurrent.Executors$RunnableAdapter.call(Executors.java:577)
at java.base/java.util.concurrent.FutureTask.run(FutureTask.java:317)
at org.testng.internal.thread.graph.TestNGFutureTask.run(TestNGFutureTask.java:22)
at java.base/java.util.concurrent.ThreadPoolExecutor.runWorker(ThreadPoolExecutor.java:1144)
at java.base/java.util.concurrent.ThreadPoolExecutor$Worker.run(ThreadPoolExecutor.java:642)
at java.base/java.lang.Thread.run(Thread.java:1623)
]]>
            </full-stacktrace>
          </exception> <!-- org.openqa.selenium.NoSuchWindowException -->
          <reporter-output>
          </reporter-output>
        </test-method> <!-- testPropertiesConfiguration -->
        <test-method signature="testTimeoutConfiguration()[pri:0, instance:com.ziprecruiter.tests.TestConfiguration@6c7a164b]" started-at="2025-07-10T11:43:19 CDT" name="testTimeoutConfiguration" finished-at="2025-07-10T11:43:19 CDT" duration-ms="0" status="SKIP">
          <exception class="org.openqa.selenium.NoSuchWindowException">
            <message>
              <![CDATA[no such window: target window already closed
from unknown error: web view not found
  (Session info: chrome=138.0.7204.97)
Build info: version: '4.19.1', revision: 'abe0ee07dc'
System info: os.name: 'Windows 10', os.arch: 'amd64', os.version: '10.0', java.version: '20'
Driver info: org.openqa.selenium.chrome.ChromeDriver
Command: [849c556d7bc8bd837f29c883b875209d, executeScript {script=sessionStorage.clear();, args=[]}]
Capabilities {acceptInsecureCerts: false, browserName: chrome, browserVersion: 138.0.7204.97, chrome: {chromedriverVersion: 138.0.7204.94 (545025748884..., userDataDir: C:\Users\hp\AppData\Local\T...}, fedcm:accounts: true, goog:chromeOptions: {debuggerAddress: localhost:2449}, networkConnectionEnabled: false, pageLoadStrategy: normal, platformName: windows, proxy: Proxy(), se:cdp: ws://localhost:2449/devtool..., se:cdpVersion: 138.0.7204.97, setWindowRect: true, strictFileInteractability: false, timeouts: {implicit: 0, pageLoad: 300000, script: 30000}, unhandledPromptBehavior: dismiss and notify, webauthn:extension:credBlob: true, webauthn:extension:largeBlob: true, webauthn:extension:minPinLength: true, webauthn:extension:prf: true, webauthn:virtualAuthenticators: true}
Session ID: 849c556d7bc8bd837f29c883b875209d]]>
            </message>
            <full-stacktrace>
              <![CDATA[org.openqa.selenium.NoSuchWindowException: no such window: target window already closed
from unknown error: web view not found
  (Session info: chrome=138.0.7204.97)
Build info: version: '4.19.1', revision: 'abe0ee07dc'
System info: os.name: 'Windows 10', os.arch: 'amd64', os.version: '10.0', java.version: '20'
Driver info: org.openqa.selenium.chrome.ChromeDriver
Command: [849c556d7bc8bd837f29c883b875209d, executeScript {script=sessionStorage.clear();, args=[]}]
Capabilities {acceptInsecureCerts: false, browserName: chrome, browserVersion: 138.0.7204.97, chrome: {chromedriverVersion: 138.0.7204.94 (545025748884..., userDataDir: C:\Users\hp\AppData\Local\T...}, fedcm:accounts: true, goog:chromeOptions: {debuggerAddress: localhost:2449}, networkConnectionEnabled: false, pageLoadStrategy: normal, platformName: windows, proxy: Proxy(), se:cdp: ws://localhost:2449/devtool..., se:cdpVersion: 138.0.7204.97, setWindowRect: true, strictFileInteractability: false, timeouts: {implicit: 0, pageLoad: 300000, script: 30000}, unhandledPromptBehavior: dismiss and notify, webauthn:extension:credBlob: true, webauthn:extension:largeBlob: true, webauthn:extension:minPinLength: true, webauthn:extension:prf: true, webauthn:virtualAuthenticators: true}
Session ID: 849c556d7bc8bd837f29c883b875209d
at java.base/jdk.internal.reflect.DirectConstructorHandleAccessor.newInstance(DirectConstructorHandleAccessor.java:67)
at java.base/java.lang.reflect.Constructor.newInstanceWithCaller(Constructor.java:500)
at java.base/java.lang.reflect.Constructor.newInstance(Constructor.java:484)
at org.openqa.selenium.remote.ErrorCodec.decode(ErrorCodec.java:167)
at org.openqa.selenium.remote.codec.w3c.W3CHttpResponseCodec.decode(W3CHttpResponseCodec.java:138)
at org.openqa.selenium.remote.codec.w3c.W3CHttpResponseCodec.decode(W3CHttpResponseCodec.java:50)
at org.openqa.selenium.remote.HttpCommandExecutor.execute(HttpCommandExecutor.java:190)
at org.openqa.selenium.remote.service.DriverCommandExecutor.invokeExecute(DriverCommandExecutor.java:216)
at org.openqa.selenium.remote.service.DriverCommandExecutor.execute(DriverCommandExecutor.java:174)
at org.openqa.selenium.remote.RemoteWebDriver.execute(RemoteWebDriver.java:518)
at org.openqa.selenium.remote.RemoteWebDriver.executeScript(RemoteWebDriver.java:463)
at com.ziprecruiter.tests.TestConfiguration.afterMethod(TestConfiguration.java:40)
at java.base/jdk.internal.reflect.DirectMethodHandleAccessor.invoke(DirectMethodHandleAccessor.java:104)
at java.base/java.lang.reflect.Method.invoke(Method.java:578)
at org.testng.internal.invokers.MethodInvocationHelper.invokeMethod(MethodInvocationHelper.java:139)
at org.testng.internal.invokers.MethodInvocationHelper.invokeMethodConsideringTimeout(MethodInvocationHelper.java:69)
at org.testng.internal.invokers.ConfigInvoker.invokeConfigurationMethod(ConfigInvoker.java:393)
at org.testng.internal.invokers.ConfigInvoker.invokeConfigurations(ConfigInvoker.java:326)
at org.testng.internal.invokers.TestInvoker.runConfigMethods(TestInvoker.java:810)
at org.testng.internal.invokers.TestInvoker.runAfterConfigurations(TestInvoker.java:779)
at org.testng.internal.invokers.TestInvoker.invokeMethod(TestInvoker.java:755)
at org.testng.internal.invokers.TestInvoker.invokeTestMethod(TestInvoker.java:228)
at org.testng.internal.invokers.MethodRunner.runInSequence(MethodRunner.java:63)
at org.testng.internal.invokers.TestInvoker$MethodInvocationAgent.invoke(TestInvoker.java:961)
at org.testng.internal.invokers.TestInvoker.invokeTestMethods(TestInvoker.java:201)
at org.testng.internal.invokers.TestMethodWorker.invokeTestMethods(TestMethodWorker.java:148)
at org.testng.internal.invokers.TestMethodWorker.run(TestMethodWorker.java:128)
at java.base/java.util.concurrent.Executors$RunnableAdapter.call(Executors.java:577)
at java.base/java.util.concurrent.FutureTask.run(FutureTask.java:317)
at org.testng.internal.thread.graph.TestNGFutureTask.run(TestNGFutureTask.java:22)
at java.base/java.util.concurrent.ThreadPoolExecutor.runWorker(ThreadPoolExecutor.java:1144)
at java.base/java.util.concurrent.ThreadPoolExecutor$Worker.run(ThreadPoolExecutor.java:642)
at java.base/java.lang.Thread.run(Thread.java:1623)
]]>
            </full-stacktrace>
          </exception> <!-- org.openqa.selenium.NoSuchWindowException -->
          <reporter-output>
          </reporter-output>
        </test-method> <!-- testTimeoutConfiguration -->
        <test-method is-config="true" signature="setUp(java.lang.String)[pri:0, instance:com.ziprecruiter.tests.TestConfiguration@6c7a164b]" started-at="2025-07-10T11:43:19 CDT" name="setUp" finished-at="2025-07-10T11:43:19 CDT" duration-ms="0" status="SKIP">
          <reporter-output>
          </reporter-output>
        </test-method> <!-- setUp -->
        <test-method is-config="true" signature="beforeMethod()[pri:0, instance:com.ziprecruiter.tests.TestConfiguration@6c7a164b]" started-at="2025-07-10T11:43:19 CDT" name="beforeMethod" finished-at="2025-07-10T11:43:19 CDT" duration-ms="0" status="SKIP">
          <reporter-output>
          </reporter-output>
        </test-method> <!-- beforeMethod -->
        <test-method is-config="true" signature="afterMethod()[pri:0, instance:com.ziprecruiter.tests.TestConfiguration@6c7a164b]" started-at="2025-07-10T11:43:19 CDT" name="afterMethod" finished-at="2025-07-10T11:43:19 CDT" duration-ms="0" status="SKIP">
          <reporter-output>
          </reporter-output>
        </test-method> <!-- afterMethod -->
        <test-method signature="testUtilityConfiguration()[pri:0, instance:com.ziprecruiter.tests.TestConfiguration@6c7a164b]" started-at="2025-07-10T11:43:19 CDT" name="testUtilityConfiguration" finished-at="2025-07-10T11:43:19 CDT" duration-ms="0" status="SKIP">
          <exception class="org.openqa.selenium.NoSuchWindowException">
            <message>
              <![CDATA[no such window: target window already closed
from unknown error: web view not found
  (Session info: chrome=138.0.7204.97)
Build info: version: '4.19.1', revision: 'abe0ee07dc'
System info: os.name: 'Windows 10', os.arch: 'amd64', os.version: '10.0', java.version: '20'
Driver info: org.openqa.selenium.chrome.ChromeDriver
Command: [849c556d7bc8bd837f29c883b875209d, executeScript {script=sessionStorage.clear();, args=[]}]
Capabilities {acceptInsecureCerts: false, browserName: chrome, browserVersion: 138.0.7204.97, chrome: {chromedriverVersion: 138.0.7204.94 (545025748884..., userDataDir: C:\Users\hp\AppData\Local\T...}, fedcm:accounts: true, goog:chromeOptions: {debuggerAddress: localhost:2449}, networkConnectionEnabled: false, pageLoadStrategy: normal, platformName: windows, proxy: Proxy(), se:cdp: ws://localhost:2449/devtool..., se:cdpVersion: 138.0.7204.97, setWindowRect: true, strictFileInteractability: false, timeouts: {implicit: 0, pageLoad: 300000, script: 30000}, unhandledPromptBehavior: dismiss and notify, webauthn:extension:credBlob: true, webauthn:extension:largeBlob: true, webauthn:extension:minPinLength: true, webauthn:extension:prf: true, webauthn:virtualAuthenticators: true}
Session ID: 849c556d7bc8bd837f29c883b875209d]]>
            </message>
            <full-stacktrace>
              <![CDATA[org.openqa.selenium.NoSuchWindowException: no such window: target window already closed
from unknown error: web view not found
  (Session info: chrome=138.0.7204.97)
Build info: version: '4.19.1', revision: 'abe0ee07dc'
System info: os.name: 'Windows 10', os.arch: 'amd64', os.version: '10.0', java.version: '20'
Driver info: org.openqa.selenium.chrome.ChromeDriver
Command: [849c556d7bc8bd837f29c883b875209d, executeScript {script=sessionStorage.clear();, args=[]}]
Capabilities {acceptInsecureCerts: false, browserName: chrome, browserVersion: 138.0.7204.97, chrome: {chromedriverVersion: 138.0.7204.94 (545025748884..., userDataDir: C:\Users\hp\AppData\Local\T...}, fedcm:accounts: true, goog:chromeOptions: {debuggerAddress: localhost:2449}, networkConnectionEnabled: false, pageLoadStrategy: normal, platformName: windows, proxy: Proxy(), se:cdp: ws://localhost:2449/devtool..., se:cdpVersion: 138.0.7204.97, setWindowRect: true, strictFileInteractability: false, timeouts: {implicit: 0, pageLoad: 300000, script: 30000}, unhandledPromptBehavior: dismiss and notify, webauthn:extension:credBlob: true, webauthn:extension:largeBlob: true, webauthn:extension:minPinLength: true, webauthn:extension:prf: true, webauthn:virtualAuthenticators: true}
Session ID: 849c556d7bc8bd837f29c883b875209d
at java.base/jdk.internal.reflect.DirectConstructorHandleAccessor.newInstance(DirectConstructorHandleAccessor.java:67)
at java.base/java.lang.reflect.Constructor.newInstanceWithCaller(Constructor.java:500)
at java.base/java.lang.reflect.Constructor.newInstance(Constructor.java:484)
at org.openqa.selenium.remote.ErrorCodec.decode(ErrorCodec.java:167)
at org.openqa.selenium.remote.codec.w3c.W3CHttpResponseCodec.decode(W3CHttpResponseCodec.java:138)
at org.openqa.selenium.remote.codec.w3c.W3CHttpResponseCodec.decode(W3CHttpResponseCodec.java:50)
at org.openqa.selenium.remote.HttpCommandExecutor.execute(HttpCommandExecutor.java:190)
at org.openqa.selenium.remote.service.DriverCommandExecutor.invokeExecute(DriverCommandExecutor.java:216)
at org.openqa.selenium.remote.service.DriverCommandExecutor.execute(DriverCommandExecutor.java:174)
at org.openqa.selenium.remote.RemoteWebDriver.execute(RemoteWebDriver.java:518)
at org.openqa.selenium.remote.RemoteWebDriver.executeScript(RemoteWebDriver.java:463)
at com.ziprecruiter.tests.TestConfiguration.afterMethod(TestConfiguration.java:40)
at java.base/jdk.internal.reflect.DirectMethodHandleAccessor.invoke(DirectMethodHandleAccessor.java:104)
at java.base/java.lang.reflect.Method.invoke(Method.java:578)
at org.testng.internal.invokers.MethodInvocationHelper.invokeMethod(MethodInvocationHelper.java:139)
at org.testng.internal.invokers.MethodInvocationHelper.invokeMethodConsideringTimeout(MethodInvocationHelper.java:69)
at org.testng.internal.invokers.ConfigInvoker.invokeConfigurationMethod(ConfigInvoker.java:393)
at org.testng.internal.invokers.ConfigInvoker.invokeConfigurations(ConfigInvoker.java:326)
at org.testng.internal.invokers.TestInvoker.runConfigMethods(TestInvoker.java:810)
at org.testng.internal.invokers.TestInvoker.runAfterConfigurations(TestInvoker.java:779)
at org.testng.internal.invokers.TestInvoker.invokeMethod(TestInvoker.java:755)
at org.testng.internal.invokers.TestInvoker.invokeTestMethod(TestInvoker.java:228)
at org.testng.internal.invokers.MethodRunner.runInSequence(MethodRunner.java:63)
at org.testng.internal.invokers.TestInvoker$MethodInvocationAgent.invoke(TestInvoker.java:961)
at org.testng.internal.invokers.TestInvoker.invokeTestMethods(TestInvoker.java:201)
at org.testng.internal.invokers.TestMethodWorker.invokeTestMethods(TestMethodWorker.java:148)
at org.testng.internal.invokers.TestMethodWorker.run(TestMethodWorker.java:128)
at java.base/java.util.concurrent.Executors$RunnableAdapter.call(Executors.java:577)
at java.base/java.util.concurrent.FutureTask.run(FutureTask.java:317)
at org.testng.internal.thread.graph.TestNGFutureTask.run(TestNGFutureTask.java:22)
at java.base/java.util.concurrent.ThreadPoolExecutor.runWorker(ThreadPoolExecutor.java:1144)
at java.base/java.util.concurrent.ThreadPoolExecutor$Worker.run(ThreadPoolExecutor.java:642)
at java.base/java.lang.Thread.run(Thread.java:1623)
]]>
            </full-stacktrace>
          </exception> <!-- org.openqa.selenium.NoSuchWindowException -->
          <reporter-output>
          </reporter-output>
        </test-method> <!-- testUtilityConfiguration -->
        <test-method is-config="true" signature="afterMethod()[pri:0, instance:com.ziprecruiter.tests.TestConfiguration@6c7a164b]" started-at="2025-07-10T11:43:19 CDT" name="afterMethod" finished-at="2025-07-10T11:43:19 CDT" duration-ms="0" status="SKIP">
          <reporter-output>
          </reporter-output>
        </test-method> <!-- afterMethod -->
        <test-method is-config="true" signature="tearDown()[pri:0, instance:com.ziprecruiter.tests.TestConfiguration@6c7a164b]" started-at="2025-07-10T11:43:19 CDT" name="tearDown" finished-at="2025-07-10T11:43:19 CDT" duration-ms="0" status="SKIP">
          <reporter-output>
          </reporter-output>
        </test-method> <!-- tearDown -->
        <test-method is-config="true" signature="tearDown()[pri:0, instance:com.ziprecruiter.tests.TestConfiguration@6c7a164b]" started-at="2025-07-10T11:43:19 CDT" name="tearDown" finished-at="2025-07-10T11:43:19 CDT" duration-ms="0" status="SKIP">
          <reporter-output>
          </reporter-output>
        </test-method> <!-- tearDown -->
        <test-method is-config="true" signature="afterMethod()[pri:0, instance:com.ziprecruiter.tests.TestConfiguration@6c7a164b]" started-at="2025-07-10T11:43:19 CDT" name="afterMethod" finished-at="2025-07-10T11:43:19 CDT" duration-ms="0" status="SKIP">
          <reporter-output>
          </reporter-output>
        </test-method> <!-- afterMethod -->
        <test-method is-config="true" signature="tearDown()[pri:0, instance:com.ziprecruiter.tests.TestConfiguration@6c7a164b]" started-at="2025-07-10T11:43:19 CDT" name="tearDown" finished-at="2025-07-10T11:43:19 CDT" duration-ms="0" status="SKIP">
          <reporter-output>
          </reporter-output>
        </test-method> <!-- tearDown -->
        <test-method is-config="true" signature="afterClass()[pri:0, instance:com.ziprecruiter.tests.TestConfiguration@6c7a164b]" started-at="2025-07-10T11:43:19 CDT" name="afterClass" finished-at="2025-07-10T11:43:19 CDT" duration-ms="0" status="SKIP">
          <reporter-output>
          </reporter-output>
        </test-method> <!-- afterClass -->
      </class> <!-- com.ziprecruiter.tests.TestConfiguration -->
      <class name="com.ziprecruiter.tests.HomePageTest">
        <test-method is-config="true" signature="setUp(java.lang.String)[pri:0, instance:com.ziprecruiter.tests.HomePageTest@5f9edf14]" started-at="2025-07-10T11:36:15 CDT" name="setUp" finished-at="2025-07-10T11:36:28 CDT" duration-ms="13167" status="PASS">
          <params>
            <param index="0">
              <value>
                <![CDATA[chrome]]>
              </value>
            </param>
          </params>
          <reporter-output>
          </reporter-output>
        </test-method> <!-- setUp -->
        <test-method signature="testHomePageLoads()[pri:0, instance:com.ziprecruiter.tests.HomePageTest@5f9edf14]" started-at="2025-07-10T11:36:28 CDT" name="testHomePageLoads" finished-at="2025-07-10T11:36:43 CDT" duration-ms="15301" status="PASS">
          <reporter-output>
          </reporter-output>
        </test-method> <!-- testHomePageLoads -->
        <test-method is-config="true" signature="tearDown()[pri:0, instance:com.ziprecruiter.tests.HomePageTest@5f9edf14]" started-at="2025-07-10T11:36:43 CDT" name="tearDown" finished-at="2025-07-10T11:36:46 CDT" duration-ms="2596" status="PASS">
          <reporter-output>
          </reporter-output>
        </test-method> <!-- tearDown -->
      </class> <!-- com.ziprecruiter.tests.HomePageTest -->
      <class name="com.ziprecruiter.tests.FiltersTest">
        <test-method signature="stubTest()[pri:0, instance:com.ziprecruiter.tests.FiltersTest@376a0d86]" started-at="2025-07-10T11:36:15 CDT" name="stubTest" finished-at="2025-07-10T11:36:15 CDT" duration-ms="15" status="PASS">
          <reporter-output>
          </reporter-output>
        </test-method> <!-- stubTest -->
      </class> <!-- com.ziprecruiter.tests.FiltersTest -->
    </test> <!-- All Tests -->
  </suite> <!-- ZipRecruiter Test Suite -->
</testng-results>
